2017-02-11 11:21:11,163 [Worker-3] INFO  o.e.m.c.i.l.LifecycleMappingFactory - Using NULL lifecycle mapping for MavenProject: com.progressoft.jip:spring-full:0.0.1-SNAPSHOT @ /home/khaled/workspaceSpring/spring-full/pom.xml.
2017-02-11 11:21:19,013 [Worker-3] INFO  o.e.m.c.i.l.LifecycleMappingFactory - Using org.eclipse.m2e.jdt.JarLifecycleMapping lifecycle mapping for MavenProject: com.progressoft.jip:domain:0.0.1-SNAPSHOT @ /home/khaled/workspaceSpring/spring-full/domain/pom.xml.
2017-02-11 11:21:22,876 [Worker-3] INFO  o.e.m.c.i.l.LifecycleMappingFactory - Using org.maven.ide.eclipse.wtp.WarLifecycleMapping lifecycle mapping for MavenProject: com.progressoft.jip:hr-war:0.0.1-SNAPSHOT @ /home/khaled/workspaceSpring/spring-full/hr-war/pom.xml.
2017-02-11 11:21:24,292 [Worker-3] INFO  o.e.m.c.i.e.AbstractTransferListenerAdapter - Downloading https://repo.maven.apache.org/maven2/jstl/jstl/1.1.2/jstl-1.1.2.pom
2017-02-11 11:21:24,580 [Worker-3] INFO  o.e.m.c.i.e.AbstractTransferListenerAdapter - Downloaded https://repo.maven.apache.org/maven2/jstl/jstl/1.1.2/jstl-1.1.2.pom
2017-02-11 11:21:24,773 [Worker-3] WARN  o.e.m.c.i.embedder.EclipseLogger - The artifact jstl:jstl:jar:1.1.2 has been relocated to javax.servlet:jstl:jar:1.1.2
2017-02-11 11:21:24,852 [Worker-3] INFO  o.e.m.c.i.l.LifecycleMappingFactory - Using org.eclipse.m2e.jdt.JarLifecycleMapping lifecycle mapping for MavenProject: com.progressoft.jip:controllers:0.0.1-SNAPSHOT @ /home/khaled/workspaceSpring/spring-full/controllers/pom.xml.
2017-02-11 11:21:24,922 [Worker-3] INFO  o.e.m.c.i.l.LifecycleMappingFactory - Using org.eclipse.m2e.jdt.JarLifecycleMapping lifecycle mapping for MavenProject: com.progressoft.jip:usecases:0.0.1-SNAPSHOT @ /home/khaled/workspaceSpring/spring-full/usecases/pom.xml.
2017-02-11 11:21:25,886 [Worker-3] WARN  o.e.m.c.i.embedder.EclipseLogger - The artifact jstl:jstl:jar:1.1.2 has been relocated to javax.servlet:jstl:jar:1.1.2
2017-02-11 11:21:33,894 [Worker-3] INFO  o.e.m.j.i.AbstractJavaProjectConfigurator - Adding source folder /domain/src/main/java
2017-02-11 11:21:33,895 [Worker-3] INFO  o.e.m.j.i.AbstractJavaProjectConfigurator - Adding resource folder /domain/src/main/resources
2017-02-11 11:21:33,896 [Worker-3] INFO  o.e.m.j.i.AbstractJavaProjectConfigurator - Adding source folder /domain/src/test/java
2017-02-11 11:21:33,897 [Worker-3] INFO  o.e.m.j.i.AbstractJavaProjectConfigurator - Adding resource folder /domain/src/test/resources
2017-02-11 11:21:34,149 [Worker-3] INFO  o.e.m.j.i.AbstractJavaProjectConfigurator - Adding source folder /usecases/src/main/java
2017-02-11 11:21:34,149 [Worker-3] INFO  o.e.m.j.i.AbstractJavaProjectConfigurator - Adding resource folder /usecases/src/main/resources
2017-02-11 11:21:34,149 [Worker-3] INFO  o.e.m.j.i.AbstractJavaProjectConfigurator - Adding source folder /usecases/src/test/java
2017-02-11 11:21:34,150 [Worker-3] INFO  o.e.m.j.i.AbstractJavaProjectConfigurator - Adding resource folder /usecases/src/test/resources
2017-02-11 11:21:34,269 [Worker-3] INFO  o.e.m.j.i.AbstractJavaProjectConfigurator - Adding source folder /controllers/src/main/java
2017-02-11 11:21:34,269 [Worker-3] INFO  o.e.m.j.i.AbstractJavaProjectConfigurator - Adding resource folder /controllers/src/main/resources
2017-02-11 11:21:34,270 [Worker-3] INFO  o.e.m.j.i.AbstractJavaProjectConfigurator - Adding source folder /controllers/src/test/java
2017-02-11 11:21:34,270 [Worker-3] INFO  o.e.m.j.i.AbstractJavaProjectConfigurator - Adding resource folder /controllers/src/test/resources
2017-02-11 11:21:34,389 [Worker-3] INFO  o.e.m.j.i.AbstractJavaProjectConfigurator - Adding source folder /hr-war/src/main/java
2017-02-11 11:21:34,389 [Worker-3] INFO  o.e.m.j.i.AbstractJavaProjectConfigurator - Adding resource folder /hr-war/src/main/resources
2017-02-11 11:21:34,389 [Worker-3] INFO  o.e.m.j.i.AbstractJavaProjectConfigurator - Adding source folder /hr-war/src/test/java
2017-02-11 11:21:34,390 [Worker-3] INFO  o.e.m.j.i.AbstractJavaProjectConfigurator - Adding resource folder /hr-war/src/test/resources
2017-02-11 11:21:35,825 [Worker-3] WARN  o.e.m.c.i.embedder.EclipseLogger - The artifact jstl:jstl:jar:1.1.2 has been relocated to javax.servlet:jstl:jar:1.1.2
2017-02-11 11:21:35,843 [Worker-3] INFO  o.e.m.c.i.p.ProjectConfigurationManager - Imported and configured 5 project(s) in 26 sec
2017-02-11 11:21:41,676 [Worker-6] WARN  o.e.m.c.i.embedder.EclipseLogger - Using platform encoding (UTF-8 actually) to copy filtered resources, i.e. build is platform dependent!
2017-02-11 11:21:41,685 [Worker-6] INFO  o.e.m.c.i.embedder.EclipseLogger - Copying 1 resource
2017-02-11 11:21:41,713 [Worker-6] WARN  o.e.m.c.i.embedder.EclipseLogger - Using platform encoding (UTF-8 actually) to copy filtered resources, i.e. build is platform dependent!
2017-02-11 11:21:41,714 [Worker-6] INFO  o.e.m.c.i.embedder.EclipseLogger - Copying 0 resource
2017-02-11 11:21:42,285 [Worker-6] WARN  o.e.m.c.i.embedder.EclipseLogger - Using platform encoding (UTF-8 actually) to copy filtered resources, i.e. build is platform dependent!
2017-02-11 11:21:42,286 [Worker-6] INFO  o.e.m.c.i.embedder.EclipseLogger - Copying 0 resource
2017-02-11 11:21:42,288 [Worker-6] WARN  o.e.m.c.i.embedder.EclipseLogger - Using platform encoding (UTF-8 actually) to copy filtered resources, i.e. build is platform dependent!
2017-02-11 11:21:42,288 [Worker-6] INFO  o.e.m.c.i.embedder.EclipseLogger - Copying 0 resource
2017-02-11 11:21:55,775 [Worker-8] WARN  o.e.m.c.i.embedder.EclipseLogger - Using platform encoding (UTF-8 actually) to copy filtered resources, i.e. build is platform dependent!
2017-02-11 11:21:55,775 [Worker-8] INFO  o.e.m.c.i.embedder.EclipseLogger - Copying 0 resource
2017-02-11 11:21:55,777 [Worker-8] WARN  o.e.m.c.i.embedder.EclipseLogger - Using platform encoding (UTF-8 actually) to copy filtered resources, i.e. build is platform dependent!
2017-02-11 11:21:55,778 [Worker-8] INFO  o.e.m.c.i.embedder.EclipseLogger - Copying 0 resource
2017-02-11 11:21:55,972 [Worker-8] WARN  o.e.m.c.i.embedder.EclipseLogger - The artifact jstl:jstl:jar:1.1.2 has been relocated to javax.servlet:jstl:jar:1.1.2
2017-02-11 11:21:55,981 [Worker-8] WARN  o.e.m.c.i.embedder.EclipseLogger - Using platform encoding (UTF-8 actually) to copy filtered resources, i.e. build is platform dependent!
2017-02-11 11:21:55,982 [Worker-8] INFO  o.e.m.c.i.embedder.EclipseLogger - Copying 0 resource
2017-02-11 11:21:55,984 [Worker-8] WARN  o.e.m.c.i.embedder.EclipseLogger - Using platform encoding (UTF-8 actually) to copy filtered resources, i.e. build is platform dependent!
2017-02-11 11:21:55,984 [Worker-8] INFO  o.e.m.c.i.embedder.EclipseLogger - Copying 0 resource
2017-02-11 17:31:29,447 [Worker-37] WARN  o.e.m.c.i.embedder.EclipseLogger - Using platform encoding (UTF-8 actually) to copy filtered resources, i.e. build is platform dependent!
2017-02-11 17:31:29,459 [Worker-37] INFO  o.e.m.c.i.embedder.EclipseLogger - Copying 0 resource
2017-02-11 17:31:29,469 [Worker-37] WARN  o.e.m.c.i.embedder.EclipseLogger - Using platform encoding (UTF-8 actually) to copy filtered resources, i.e. build is platform dependent!
2017-02-11 17:31:29,469 [Worker-37] INFO  o.e.m.c.i.embedder.EclipseLogger - Copying 0 resource
2017-02-11 17:31:43,773 [Worker-31] WARN  o.e.m.c.i.embedder.EclipseLogger - Using platform encoding (UTF-8 actually) to copy filtered resources, i.e. build is platform dependent!
2017-02-11 17:31:43,775 [Worker-31] INFO  o.e.m.c.i.embedder.EclipseLogger - Copying 0 resource
2017-02-11 17:31:43,777 [Worker-31] WARN  o.e.m.c.i.embedder.EclipseLogger - Using platform encoding (UTF-8 actually) to copy filtered resources, i.e. build is platform dependent!
2017-02-11 17:31:43,778 [Worker-31] INFO  o.e.m.c.i.embedder.EclipseLogger - Copying 0 resource
2017-02-11 17:32:04,166 [Worker-31] WARN  o.e.m.c.i.embedder.EclipseLogger - Using platform encoding (UTF-8 actually) to copy filtered resources, i.e. build is platform dependent!
2017-02-11 17:32:04,179 [Worker-31] INFO  o.e.m.c.i.embedder.EclipseLogger - Copying 0 resource
2017-02-11 17:32:04,182 [Worker-31] WARN  o.e.m.c.i.embedder.EclipseLogger - Using platform encoding (UTF-8 actually) to copy filtered resources, i.e. build is platform dependent!
2017-02-11 17:32:04,183 [Worker-31] INFO  o.e.m.c.i.embedder.EclipseLogger - Copying 0 resource
2017-02-11 17:34:01,085 [Worker-38] WARN  o.e.m.c.i.embedder.EclipseLogger - Using platform encoding (UTF-8 actually) to copy filtered resources, i.e. build is platform dependent!
2017-02-11 17:34:01,086 [Worker-38] INFO  o.e.m.c.i.embedder.EclipseLogger - Copying 0 resource
2017-02-11 17:34:01,088 [Worker-38] WARN  o.e.m.c.i.embedder.EclipseLogger - Using platform encoding (UTF-8 actually) to copy filtered resources, i.e. build is platform dependent!
2017-02-11 17:34:01,088 [Worker-38] INFO  o.e.m.c.i.embedder.EclipseLogger - Copying 0 resource
2017-02-12 10:17:30,420 [Worker-5] INFO  o.e.m.c.i.l.LifecycleMappingFactory - Using org.eclipse.m2e.jdt.JarLifecycleMapping lifecycle mapping for MavenProject: com.progressoft.jip:domain:0.0.1-SNAPSHOT @ /home/khaled/workspaceSpring/spring-full/domain/pom.xml.
2017-02-12 10:17:31,215 [Worker-5] WARN  o.e.m.c.i.embedder.EclipseLogger - Using platform encoding (UTF-8 actually) to copy filtered resources, i.e. build is platform dependent!
2017-02-12 10:17:31,222 [Worker-5] INFO  o.e.m.c.i.embedder.EclipseLogger - Copying 1 resource
2017-02-12 10:17:31,262 [Worker-5] WARN  o.e.m.c.i.embedder.EclipseLogger - Using platform encoding (UTF-8 actually) to copy filtered resources, i.e. build is platform dependent!
2017-02-12 10:17:31,263 [Worker-5] INFO  o.e.m.c.i.embedder.EclipseLogger - Copying 0 resource
2017-02-12 10:17:32,113 [Worker-1] INFO  o.e.m.c.i.l.LifecycleMappingFactory - Using org.eclipse.m2e.jdt.JarLifecycleMapping lifecycle mapping for MavenProject: com.progressoft.jip:controllers:0.0.1-SNAPSHOT @ /home/khaled/workspaceSpring/spring-full/controllers/pom.xml.
2017-02-12 10:17:32,446 [Worker-1] INFO  o.e.m.c.i.l.LifecycleMappingFactory - Using org.eclipse.m2e.jdt.JarLifecycleMapping lifecycle mapping for MavenProject: com.progressoft.jip:domain:0.0.1-SNAPSHOT @ /home/khaled/workspaceSpring/spring-full/domain/pom.xml.
2017-02-12 10:17:32,533 [Worker-1] INFO  o.e.m.c.i.l.LifecycleMappingFactory - Using org.maven.ide.eclipse.wtp.WarLifecycleMapping lifecycle mapping for MavenProject: com.progressoft.jip:hr-war:0.0.1-SNAPSHOT @ /home/khaled/workspaceSpring/spring-full/hr-war/pom.xml.
2017-02-12 10:17:32,615 [Worker-1] WARN  o.e.m.c.i.embedder.EclipseLogger - The artifact jstl:jstl:jar:1.1.2 has been relocated to javax.servlet:jstl:jar:1.1.2
2017-02-12 10:17:32,633 [Worker-1] INFO  o.e.m.c.i.l.LifecycleMappingFactory - Using NULL lifecycle mapping for MavenProject: com.progressoft.jip:spring-full:0.0.1-SNAPSHOT @ /home/khaled/workspaceSpring/spring-full/pom.xml.
2017-02-12 10:17:32,695 [Worker-1] INFO  o.e.m.c.i.l.LifecycleMappingFactory - Using org.eclipse.m2e.jdt.JarLifecycleMapping lifecycle mapping for MavenProject: com.progressoft.jip:usecases:0.0.1-SNAPSHOT @ /home/khaled/workspaceSpring/spring-full/usecases/pom.xml.
2017-02-12 10:17:38,025 [Worker-1] WARN  o.e.m.c.i.embedder.EclipseLogger - The artifact jstl:jstl:jar:1.1.2 has been relocated to javax.servlet:jstl:jar:1.1.2
2017-02-12 10:17:42,924 [Worker-9] WARN  o.e.m.c.i.embedder.EclipseLogger - Using platform encoding (UTF-8 actually) to copy filtered resources, i.e. build is platform dependent!
2017-02-12 10:17:42,929 [Worker-9] INFO  o.e.m.c.i.embedder.EclipseLogger - Copying 0 resource
2017-02-12 10:17:42,934 [Worker-9] WARN  o.e.m.c.i.embedder.EclipseLogger - Using platform encoding (UTF-8 actually) to copy filtered resources, i.e. build is platform dependent!
2017-02-12 10:17:42,935 [Worker-9] INFO  o.e.m.c.i.embedder.EclipseLogger - Copying 0 resource
2017-02-12 10:17:43,418 [Worker-9] WARN  o.e.m.c.i.embedder.EclipseLogger - Using platform encoding (UTF-8 actually) to copy filtered resources, i.e. build is platform dependent!
2017-02-12 10:17:43,419 [Worker-9] INFO  o.e.m.c.i.embedder.EclipseLogger - Copying 0 resource
2017-02-12 10:17:43,421 [Worker-9] WARN  o.e.m.c.i.embedder.EclipseLogger - Using platform encoding (UTF-8 actually) to copy filtered resources, i.e. build is platform dependent!
2017-02-12 10:17:43,421 [Worker-9] INFO  o.e.m.c.i.embedder.EclipseLogger - Copying 0 resource
2017-02-12 10:17:44,114 [Worker-9] WARN  o.e.m.c.i.embedder.EclipseLogger - Using platform encoding (UTF-8 actually) to copy filtered resources, i.e. build is platform dependent!
2017-02-12 10:17:44,114 [Worker-9] INFO  o.e.m.c.i.embedder.EclipseLogger - Copying 0 resource
2017-02-12 10:17:44,116 [Worker-9] WARN  o.e.m.c.i.embedder.EclipseLogger - Using platform encoding (UTF-8 actually) to copy filtered resources, i.e. build is platform dependent!
2017-02-12 10:17:44,117 [Worker-9] INFO  o.e.m.c.i.embedder.EclipseLogger - Copying 0 resource
2017-02-12 10:17:44,865 [Worker-14] WARN  o.e.m.c.i.embedder.EclipseLogger - The artifact jstl:jstl:jar:1.1.2 has been relocated to javax.servlet:jstl:jar:1.1.2
2017-02-12 10:17:44,877 [Worker-14] WARN  o.e.m.c.i.embedder.EclipseLogger - Using platform encoding (UTF-8 actually) to copy filtered resources, i.e. build is platform dependent!
2017-02-12 10:17:44,878 [Worker-14] INFO  o.e.m.c.i.embedder.EclipseLogger - Copying 0 resource
2017-02-12 10:17:44,880 [Worker-14] WARN  o.e.m.c.i.embedder.EclipseLogger - Using platform encoding (UTF-8 actually) to copy filtered resources, i.e. build is platform dependent!
2017-02-12 10:17:44,880 [Worker-14] INFO  o.e.m.c.i.embedder.EclipseLogger - Copying 0 resource
2017-02-12 12:20:48,317 [Worker-46] WARN  o.e.m.c.i.embedder.EclipseLogger - Using platform encoding (UTF-8 actually) to copy filtered resources, i.e. build is platform dependent!
2017-02-12 12:20:48,319 [Worker-46] INFO  o.e.m.c.i.embedder.EclipseLogger - Copying 0 resource
2017-02-12 12:20:48,321 [Worker-46] WARN  o.e.m.c.i.embedder.EclipseLogger - Using platform encoding (UTF-8 actually) to copy filtered resources, i.e. build is platform dependent!
2017-02-12 12:20:48,323 [Worker-46] INFO  o.e.m.c.i.embedder.EclipseLogger - Copying 0 resource
2017-02-12 12:21:45,977 [Worker-54] WARN  o.e.m.c.i.embedder.EclipseLogger - Using platform encoding (UTF-8 actually) to copy filtered resources, i.e. build is platform dependent!
2017-02-12 12:21:45,979 [Worker-54] INFO  o.e.m.c.i.embedder.EclipseLogger - Copying 1 resource
2017-02-12 12:21:45,987 [Worker-54] WARN  o.e.m.c.i.embedder.EclipseLogger - Using platform encoding (UTF-8 actually) to copy filtered resources, i.e. build is platform dependent!
2017-02-12 12:21:45,987 [Worker-54] INFO  o.e.m.c.i.embedder.EclipseLogger - Copying 0 resource
2017-02-12 16:10:52,152 [Worker-100] WARN  o.e.m.c.i.embedder.EclipseLogger - Using platform encoding (UTF-8 actually) to copy filtered resources, i.e. build is platform dependent!
2017-02-12 16:10:52,154 [Worker-100] INFO  o.e.m.c.i.embedder.EclipseLogger - Copying 1 resource
2017-02-12 16:10:52,156 [Worker-100] WARN  o.e.m.c.i.embedder.EclipseLogger - Using platform encoding (UTF-8 actually) to copy filtered resources, i.e. build is platform dependent!
2017-02-12 16:10:52,157 [Worker-100] INFO  o.e.m.c.i.embedder.EclipseLogger - Copying 0 resource
2017-02-12 16:10:52,225 [Worker-100] WARN  o.e.m.c.i.embedder.EclipseLogger - Using platform encoding (UTF-8 actually) to copy filtered resources, i.e. build is platform dependent!
2017-02-12 16:10:52,240 [Worker-100] INFO  o.e.m.c.i.embedder.EclipseLogger - Copying 0 resource
2017-02-12 16:10:52,241 [Worker-100] WARN  o.e.m.c.i.embedder.EclipseLogger - Using platform encoding (UTF-8 actually) to copy filtered resources, i.e. build is platform dependent!
2017-02-12 16:10:52,242 [Worker-100] INFO  o.e.m.c.i.embedder.EclipseLogger - Copying 0 resource
2017-02-12 20:40:21,063 [Worker-180] WARN  o.e.m.c.i.embedder.EclipseLogger - Using platform encoding (UTF-8 actually) to copy filtered resources, i.e. build is platform dependent!
2017-02-12 20:40:21,085 [Worker-180] INFO  o.e.m.c.i.embedder.EclipseLogger - Copying 1 resource
2017-02-12 20:40:21,095 [Worker-180] WARN  o.e.m.c.i.embedder.EclipseLogger - Using platform encoding (UTF-8 actually) to copy filtered resources, i.e. build is platform dependent!
2017-02-12 20:40:21,096 [Worker-180] INFO  o.e.m.c.i.embedder.EclipseLogger - Copying 0 resource
2017-02-15 08:13:04,263 [Worker-2] INFO  o.e.m.c.i.l.LifecycleMappingFactory - Using org.eclipse.m2e.jdt.JarLifecycleMapping lifecycle mapping for MavenProject: com.progressoft.jip:controllers:0.0.1-SNAPSHOT @ /home/khaled/workspaceSpring/spring-full/controllers/pom.xml.
2017-02-15 08:13:05,271 [Worker-2] INFO  o.e.m.c.i.l.LifecycleMappingFactory - Using org.eclipse.m2e.jdt.JarLifecycleMapping lifecycle mapping for MavenProject: com.progressoft.jip:domain:0.0.1-SNAPSHOT @ /home/khaled/workspaceSpring/spring-full/domain/pom.xml.
2017-02-15 08:13:05,519 [Worker-2] INFO  o.e.m.c.i.l.LifecycleMappingFactory - Using org.maven.ide.eclipse.wtp.WarLifecycleMapping lifecycle mapping for MavenProject: com.progressoft.jip:hr-war:0.0.1-SNAPSHOT @ /home/khaled/workspaceSpring/spring-full/hr-war/pom.xml.
2017-02-15 08:13:05,703 [Worker-2] WARN  o.e.m.c.i.embedder.EclipseLogger - The artifact jstl:jstl:jar:1.1.2 has been relocated to javax.servlet:jstl:jar:1.1.2
2017-02-15 08:13:05,791 [Worker-2] INFO  o.e.m.c.i.l.LifecycleMappingFactory - Using NULL lifecycle mapping for MavenProject: com.progressoft.jip:spring-full:0.0.1-SNAPSHOT @ /home/khaled/workspaceSpring/spring-full/pom.xml.
2017-02-15 08:13:05,882 [Worker-2] INFO  o.e.m.c.i.l.LifecycleMappingFactory - Using org.eclipse.m2e.jdt.JarLifecycleMapping lifecycle mapping for MavenProject: com.progressoft.jip:usecases:0.0.1-SNAPSHOT @ /home/khaled/workspaceSpring/spring-full/usecases/pom.xml.
2017-02-15 08:13:17,759 [Worker-2] WARN  o.e.m.c.i.embedder.EclipseLogger - The artifact jstl:jstl:jar:1.1.2 has been relocated to javax.servlet:jstl:jar:1.1.2
2017-02-15 08:13:22,962 [Worker-11] WARN  o.e.m.c.i.embedder.EclipseLogger - Using platform encoding (UTF-8 actually) to copy filtered resources, i.e. build is platform dependent!
2017-02-15 08:13:23,009 [Worker-11] INFO  o.e.m.c.i.embedder.EclipseLogger - Copying 1 resource
2017-02-15 08:13:23,055 [Worker-11] WARN  o.e.m.c.i.embedder.EclipseLogger - Using platform encoding (UTF-8 actually) to copy filtered resources, i.e. build is platform dependent!
2017-02-15 08:13:23,056 [Worker-11] INFO  o.e.m.c.i.embedder.EclipseLogger - Copying 0 resource
2017-02-15 08:13:33,184 [Worker-12] WARN  o.e.m.c.i.embedder.EclipseLogger - Using platform encoding (UTF-8 actually) to copy filtered resources, i.e. build is platform dependent!
2017-02-15 08:13:33,185 [Worker-12] INFO  o.e.m.c.i.embedder.EclipseLogger - Copying 0 resource
2017-02-15 08:13:33,189 [Worker-12] WARN  o.e.m.c.i.embedder.EclipseLogger - Using platform encoding (UTF-8 actually) to copy filtered resources, i.e. build is platform dependent!
2017-02-15 08:13:33,190 [Worker-12] INFO  o.e.m.c.i.embedder.EclipseLogger - Copying 0 resource
2017-02-15 08:13:33,854 [Worker-12] WARN  o.e.m.c.i.embedder.EclipseLogger - Using platform encoding (UTF-8 actually) to copy filtered resources, i.e. build is platform dependent!
2017-02-15 08:13:33,855 [Worker-12] INFO  o.e.m.c.i.embedder.EclipseLogger - Copying 0 resource
2017-02-15 08:13:33,863 [Worker-12] WARN  o.e.m.c.i.embedder.EclipseLogger - Using platform encoding (UTF-8 actually) to copy filtered resources, i.e. build is platform dependent!
2017-02-15 08:13:33,872 [Worker-12] INFO  o.e.m.c.i.embedder.EclipseLogger - Copying 0 resource
2017-02-15 08:13:34,399 [Worker-12] WARN  o.e.m.c.i.embedder.EclipseLogger - The artifact jstl:jstl:jar:1.1.2 has been relocated to javax.servlet:jstl:jar:1.1.2
2017-02-15 08:13:34,443 [Worker-12] WARN  o.e.m.c.i.embedder.EclipseLogger - Using platform encoding (UTF-8 actually) to copy filtered resources, i.e. build is platform dependent!
2017-02-15 08:13:34,444 [Worker-12] INFO  o.e.m.c.i.embedder.EclipseLogger - Copying 0 resource
2017-02-15 08:13:34,446 [Worker-12] WARN  o.e.m.c.i.embedder.EclipseLogger - Using platform encoding (UTF-8 actually) to copy filtered resources, i.e. build is platform dependent!
2017-02-15 08:13:34,447 [Worker-12] INFO  o.e.m.c.i.embedder.EclipseLogger - Copying 0 resource
2017-02-15 08:50:09,016 [Worker-4] INFO  o.e.m.c.i.l.LifecycleMappingFactory - Using org.eclipse.m2e.jdt.JarLifecycleMapping lifecycle mapping for MavenProject: com.progressoft.jip:controllers:0.0.1-SNAPSHOT @ /home/khaled/workspaceSpring/spring-full/controllers/pom.xml.
2017-02-15 08:50:10,192 [Worker-4] INFO  o.e.m.c.i.l.LifecycleMappingFactory - Using org.eclipse.m2e.jdt.JarLifecycleMapping lifecycle mapping for MavenProject: com.progressoft.jip:domain:0.0.1-SNAPSHOT @ /home/khaled/workspaceSpring/spring-full/domain/pom.xml.
2017-02-15 08:50:10,356 [Worker-4] INFO  o.e.m.c.i.l.LifecycleMappingFactory - Using org.maven.ide.eclipse.wtp.WarLifecycleMapping lifecycle mapping for MavenProject: com.progressoft.jip:hr-war:0.0.1-SNAPSHOT @ /home/khaled/workspaceSpring/spring-full/hr-war/pom.xml.
2017-02-15 08:50:10,534 [Worker-4] WARN  o.e.m.c.i.embedder.EclipseLogger - The artifact jstl:jstl:jar:1.1.2 has been relocated to javax.servlet:jstl:jar:1.1.2
2017-02-15 08:50:10,622 [Worker-4] INFO  o.e.m.c.i.l.LifecycleMappingFactory - Using NULL lifecycle mapping for MavenProject: com.progressoft.jip:spring-full:0.0.1-SNAPSHOT @ /home/khaled/workspaceSpring/spring-full/pom.xml.
2017-02-15 08:50:11,156 [Worker-4] INFO  o.e.m.c.i.l.LifecycleMappingFactory - Using org.eclipse.m2e.jdt.JarLifecycleMapping lifecycle mapping for MavenProject: com.progressoft.jip:usecases:0.0.1-SNAPSHOT @ /home/khaled/workspaceSpring/spring-full/usecases/pom.xml.
2017-02-15 08:50:19,758 [Worker-4] WARN  o.e.m.c.i.embedder.EclipseLogger - The artifact jstl:jstl:jar:1.1.2 has been relocated to javax.servlet:jstl:jar:1.1.2
2017-02-15 08:50:24,638 [Worker-7] WARN  o.e.m.c.i.embedder.EclipseLogger - Using platform encoding (UTF-8 actually) to copy filtered resources, i.e. build is platform dependent!
2017-02-15 08:50:24,648 [Worker-7] INFO  o.e.m.c.i.embedder.EclipseLogger - Copying 1 resource
2017-02-15 08:50:24,754 [Worker-7] WARN  o.e.m.c.i.embedder.EclipseLogger - Using platform encoding (UTF-8 actually) to copy filtered resources, i.e. build is platform dependent!
2017-02-15 08:50:24,755 [Worker-7] INFO  o.e.m.c.i.embedder.EclipseLogger - Copying 0 resource
2017-02-15 08:50:35,373 [Worker-16] WARN  o.e.m.c.i.embedder.EclipseLogger - Using platform encoding (UTF-8 actually) to copy filtered resources, i.e. build is platform dependent!
2017-02-15 08:50:35,374 [Worker-16] INFO  o.e.m.c.i.embedder.EclipseLogger - Copying 0 resource
2017-02-15 08:50:35,376 [Worker-16] WARN  o.e.m.c.i.embedder.EclipseLogger - Using platform encoding (UTF-8 actually) to copy filtered resources, i.e. build is platform dependent!
2017-02-15 08:50:35,377 [Worker-16] INFO  o.e.m.c.i.embedder.EclipseLogger - Copying 0 resource
2017-02-15 08:50:36,266 [Worker-16] WARN  o.e.m.c.i.embedder.EclipseLogger - Using platform encoding (UTF-8 actually) to copy filtered resources, i.e. build is platform dependent!
2017-02-15 08:50:36,267 [Worker-16] INFO  o.e.m.c.i.embedder.EclipseLogger - Copying 0 resource
2017-02-15 08:50:36,269 [Worker-16] WARN  o.e.m.c.i.embedder.EclipseLogger - Using platform encoding (UTF-8 actually) to copy filtered resources, i.e. build is platform dependent!
2017-02-15 08:50:36,270 [Worker-16] INFO  o.e.m.c.i.embedder.EclipseLogger - Copying 0 resource
2017-02-15 08:50:38,221 [Worker-5] WARN  o.e.m.c.i.embedder.EclipseLogger - The artifact jstl:jstl:jar:1.1.2 has been relocated to javax.servlet:jstl:jar:1.1.2
2017-02-15 08:50:38,248 [Worker-5] WARN  o.e.m.c.i.embedder.EclipseLogger - Using platform encoding (UTF-8 actually) to copy filtered resources, i.e. build is platform dependent!
2017-02-15 08:50:38,256 [Worker-5] INFO  o.e.m.c.i.embedder.EclipseLogger - Copying 0 resource
2017-02-15 08:50:38,258 [Worker-5] WARN  o.e.m.c.i.embedder.EclipseLogger - Using platform encoding (UTF-8 actually) to copy filtered resources, i.e. build is platform dependent!
2017-02-15 08:50:38,259 [Worker-5] INFO  o.e.m.c.i.embedder.EclipseLogger - Copying 0 resource
2017-02-16 09:40:11,964 [Worker-0] INFO  o.e.m.c.i.l.LifecycleMappingFactory - Using org.eclipse.m2e.jdt.JarLifecycleMapping lifecycle mapping for MavenProject: com.progressoft.jip:controllers:0.0.1-SNAPSHOT @ /home/khaled/workspaceSpring/spring-full/controllers/pom.xml.
2017-02-16 09:40:12,445 [Worker-0] INFO  o.e.m.c.i.l.LifecycleMappingFactory - Using org.eclipse.m2e.jdt.JarLifecycleMapping lifecycle mapping for MavenProject: com.progressoft.jip:domain:0.0.1-SNAPSHOT @ /home/khaled/workspaceSpring/spring-full/domain/pom.xml.
2017-02-16 09:40:12,562 [Worker-0] INFO  o.e.m.c.i.l.LifecycleMappingFactory - Using org.maven.ide.eclipse.wtp.WarLifecycleMapping lifecycle mapping for MavenProject: com.progressoft.jip:hr-war:0.0.1-SNAPSHOT @ /home/khaled/workspaceSpring/spring-full/hr-war/pom.xml.
2017-02-16 09:40:12,652 [Worker-0] WARN  o.e.m.c.i.embedder.EclipseLogger - The artifact jstl:jstl:jar:1.1.2 has been relocated to javax.servlet:jstl:jar:1.1.2
2017-02-16 09:40:12,720 [Worker-0] INFO  o.e.m.c.i.l.LifecycleMappingFactory - Using NULL lifecycle mapping for MavenProject: com.progressoft.jip:spring-full:0.0.1-SNAPSHOT @ /home/khaled/workspaceSpring/spring-full/pom.xml.
2017-02-16 09:40:12,792 [Worker-0] INFO  o.e.m.c.i.l.LifecycleMappingFactory - Using org.eclipse.m2e.jdt.JarLifecycleMapping lifecycle mapping for MavenProject: com.progressoft.jip:usecases:0.0.1-SNAPSHOT @ /home/khaled/workspaceSpring/spring-full/usecases/pom.xml.
2017-02-16 09:40:19,950 [Worker-0] WARN  o.e.m.c.i.embedder.EclipseLogger - The artifact jstl:jstl:jar:1.1.2 has been relocated to javax.servlet:jstl:jar:1.1.2
2017-02-16 09:40:22,543 [Worker-16] WARN  o.e.m.c.i.embedder.EclipseLogger - Using platform encoding (UTF-8 actually) to copy filtered resources, i.e. build is platform dependent!
2017-02-16 09:40:22,558 [Worker-16] INFO  o.e.m.c.i.embedder.EclipseLogger - Copying 1 resource
2017-02-16 09:40:22,580 [Worker-16] WARN  o.e.m.c.i.embedder.EclipseLogger - Using platform encoding (UTF-8 actually) to copy filtered resources, i.e. build is platform dependent!
2017-02-16 09:40:22,581 [Worker-16] INFO  o.e.m.c.i.embedder.EclipseLogger - Copying 0 resource
2017-02-16 09:40:30,111 [Worker-6] WARN  o.e.m.c.i.embedder.EclipseLogger - Using platform encoding (UTF-8 actually) to copy filtered resources, i.e. build is platform dependent!
2017-02-16 09:40:30,114 [Worker-6] INFO  o.e.m.c.i.embedder.EclipseLogger - Copying 0 resource
2017-02-16 09:40:30,116 [Worker-6] WARN  o.e.m.c.i.embedder.EclipseLogger - Using platform encoding (UTF-8 actually) to copy filtered resources, i.e. build is platform dependent!
2017-02-16 09:40:30,116 [Worker-6] INFO  o.e.m.c.i.embedder.EclipseLogger - Copying 0 resource
2017-02-16 09:40:30,407 [Worker-6] WARN  o.e.m.c.i.embedder.EclipseLogger - Using platform encoding (UTF-8 actually) to copy filtered resources, i.e. build is platform dependent!
2017-02-16 09:40:30,408 [Worker-6] INFO  o.e.m.c.i.embedder.EclipseLogger - Copying 0 resource
2017-02-16 09:40:30,410 [Worker-6] WARN  o.e.m.c.i.embedder.EclipseLogger - Using platform encoding (UTF-8 actually) to copy filtered resources, i.e. build is platform dependent!
2017-02-16 09:40:30,411 [Worker-6] INFO  o.e.m.c.i.embedder.EclipseLogger - Copying 0 resource
2017-02-16 09:40:30,673 [Worker-6] WARN  o.e.m.c.i.embedder.EclipseLogger - The artifact jstl:jstl:jar:1.1.2 has been relocated to javax.servlet:jstl:jar:1.1.2
2017-02-16 09:40:30,694 [Worker-6] WARN  o.e.m.c.i.embedder.EclipseLogger - Using platform encoding (UTF-8 actually) to copy filtered resources, i.e. build is platform dependent!
2017-02-16 09:40:30,695 [Worker-6] INFO  o.e.m.c.i.embedder.EclipseLogger - Copying 0 resource
2017-02-16 09:40:30,696 [Worker-6] WARN  o.e.m.c.i.embedder.EclipseLogger - Using platform encoding (UTF-8 actually) to copy filtered resources, i.e. build is platform dependent!
2017-02-16 09:40:30,697 [Worker-6] INFO  o.e.m.c.i.embedder.EclipseLogger - Copying 0 resource
2017-02-17 12:51:14,374 [Worker-0] INFO  o.e.m.c.i.l.LifecycleMappingFactory - Using org.eclipse.m2e.jdt.JarLifecycleMapping lifecycle mapping for MavenProject: com.progressoft.jip:controllers:0.0.1-SNAPSHOT @ /home/khaled/workspaceSpring/spring-full/controllers/pom.xml.
2017-02-17 12:51:17,881 [Worker-0] INFO  o.e.m.c.i.l.LifecycleMappingFactory - Using org.eclipse.m2e.jdt.JarLifecycleMapping lifecycle mapping for MavenProject: com.progressoft.jip:domain:0.0.1-SNAPSHOT @ /home/khaled/workspaceSpring/spring-full/domain/pom.xml.
2017-02-17 12:51:18,282 [Worker-0] INFO  o.e.m.c.i.l.LifecycleMappingFactory - Using org.maven.ide.eclipse.wtp.WarLifecycleMapping lifecycle mapping for MavenProject: com.progressoft.jip:hr-war:0.0.1-SNAPSHOT @ /home/khaled/workspaceSpring/spring-full/hr-war/pom.xml.
2017-02-17 12:51:18,745 [Worker-0] WARN  o.e.m.c.i.embedder.EclipseLogger - The artifact jstl:jstl:jar:1.1.2 has been relocated to javax.servlet:jstl:jar:1.1.2
2017-02-17 12:51:18,824 [Worker-0] INFO  o.e.m.c.i.l.LifecycleMappingFactory - Using NULL lifecycle mapping for MavenProject: com.progressoft.jip:spring-full:0.0.1-SNAPSHOT @ /home/khaled/workspaceSpring/spring-full/pom.xml.
2017-02-17 12:51:18,898 [Worker-0] INFO  o.e.m.c.i.l.LifecycleMappingFactory - Using org.eclipse.m2e.jdt.JarLifecycleMapping lifecycle mapping for MavenProject: com.progressoft.jip:usecases:0.0.1-SNAPSHOT @ /home/khaled/workspaceSpring/spring-full/usecases/pom.xml.
2017-02-17 12:51:20,894 [Worker-0] WARN  o.e.m.c.i.embedder.EclipseLogger - The artifact jstl:jstl:jar:1.1.2 has been relocated to javax.servlet:jstl:jar:1.1.2
2017-02-17 12:52:01,631 [Worker-12] WARN  o.e.m.c.i.embedder.EclipseLogger - Using platform encoding (UTF-8 actually) to copy filtered resources, i.e. build is platform dependent!
2017-02-17 12:52:01,652 [Worker-12] INFO  o.e.m.c.i.embedder.EclipseLogger - Copying 1 resource
2017-02-17 12:52:01,934 [Worker-12] WARN  o.e.m.c.i.embedder.EclipseLogger - Using platform encoding (UTF-8 actually) to copy filtered resources, i.e. build is platform dependent!
2017-02-17 12:52:01,935 [Worker-12] INFO  o.e.m.c.i.embedder.EclipseLogger - Copying 0 resource
2017-02-17 12:52:14,404 [Worker-0] WARN  o.e.m.c.i.embedder.EclipseLogger - Using platform encoding (UTF-8 actually) to copy filtered resources, i.e. build is platform dependent!
2017-02-17 12:52:14,405 [Worker-0] INFO  o.e.m.c.i.embedder.EclipseLogger - Copying 0 resource
2017-02-17 12:52:14,406 [Worker-0] WARN  o.e.m.c.i.embedder.EclipseLogger - Using platform encoding (UTF-8 actually) to copy filtered resources, i.e. build is platform dependent!
2017-02-17 12:52:14,407 [Worker-0] INFO  o.e.m.c.i.embedder.EclipseLogger - Copying 0 resource
2017-02-17 12:52:14,934 [Worker-0] WARN  o.e.m.c.i.embedder.EclipseLogger - Using platform encoding (UTF-8 actually) to copy filtered resources, i.e. build is platform dependent!
2017-02-17 12:52:14,944 [Worker-0] INFO  o.e.m.c.i.embedder.EclipseLogger - Copying 0 resource
2017-02-17 12:52:14,945 [Worker-0] WARN  o.e.m.c.i.embedder.EclipseLogger - Using platform encoding (UTF-8 actually) to copy filtered resources, i.e. build is platform dependent!
2017-02-17 12:52:14,946 [Worker-0] INFO  o.e.m.c.i.embedder.EclipseLogger - Copying 0 resource
2017-02-17 12:52:15,301 [Worker-0] WARN  o.e.m.c.i.embedder.EclipseLogger - The artifact jstl:jstl:jar:1.1.2 has been relocated to javax.servlet:jstl:jar:1.1.2
2017-02-17 12:52:15,318 [Worker-0] WARN  o.e.m.c.i.embedder.EclipseLogger - Using platform encoding (UTF-8 actually) to copy filtered resources, i.e. build is platform dependent!
2017-02-17 12:52:15,329 [Worker-0] INFO  o.e.m.c.i.embedder.EclipseLogger - Copying 0 resource
2017-02-17 12:52:15,330 [Worker-0] WARN  o.e.m.c.i.embedder.EclipseLogger - Using platform encoding (UTF-8 actually) to copy filtered resources, i.e. build is platform dependent!
2017-02-17 12:52:15,331 [Worker-0] INFO  o.e.m.c.i.embedder.EclipseLogger - Copying 0 resource
2017-02-18 20:05:01,596 [Worker-5] INFO  o.e.m.c.i.l.LifecycleMappingFactory - Using org.eclipse.m2e.jdt.JarLifecycleMapping lifecycle mapping for MavenProject: com.progressoft.jip:controllers:0.0.1-SNAPSHOT @ /home/khaled/workspaceSpring/spring-full/controllers/pom.xml.
2017-02-18 20:05:04,426 [Worker-5] INFO  o.e.m.c.i.l.LifecycleMappingFactory - Using org.eclipse.m2e.jdt.JarLifecycleMapping lifecycle mapping for MavenProject: com.progressoft.jip:domain:0.0.1-SNAPSHOT @ /home/khaled/workspaceSpring/spring-full/domain/pom.xml.
2017-02-18 20:05:04,670 [Worker-5] INFO  o.e.m.c.i.l.LifecycleMappingFactory - Using org.maven.ide.eclipse.wtp.WarLifecycleMapping lifecycle mapping for MavenProject: com.progressoft.jip:hr-war:0.0.1-SNAPSHOT @ /home/khaled/workspaceSpring/spring-full/hr-war/pom.xml.
2017-02-18 20:05:05,672 [Worker-5] WARN  o.e.m.c.i.embedder.EclipseLogger - The artifact jstl:jstl:jar:1.1.2 has been relocated to javax.servlet:jstl:jar:1.1.2
2017-02-18 20:05:05,783 [Worker-5] INFO  o.e.m.c.i.l.LifecycleMappingFactory - Using NULL lifecycle mapping for MavenProject: com.progressoft.jip:spring-full:0.0.1-SNAPSHOT @ /home/khaled/workspaceSpring/spring-full/pom.xml.
2017-02-18 20:05:05,827 [Worker-5] INFO  o.e.m.c.i.l.LifecycleMappingFactory - Using org.eclipse.m2e.jdt.JarLifecycleMapping lifecycle mapping for MavenProject: com.progressoft.jip:usecases:0.0.1-SNAPSHOT @ /home/khaled/workspaceSpring/spring-full/usecases/pom.xml.
2017-02-18 20:05:11,858 [Worker-5] WARN  o.e.m.c.i.embedder.EclipseLogger - The artifact jstl:jstl:jar:1.1.2 has been relocated to javax.servlet:jstl:jar:1.1.2
2017-02-18 20:05:15,708 [Worker-13] WARN  o.e.m.c.i.embedder.EclipseLogger - Using platform encoding (UTF-8 actually) to copy filtered resources, i.e. build is platform dependent!
2017-02-18 20:05:15,727 [Worker-13] INFO  o.e.m.c.i.embedder.EclipseLogger - Copying 1 resource
2017-02-18 20:05:15,759 [Worker-13] WARN  o.e.m.c.i.embedder.EclipseLogger - Using platform encoding (UTF-8 actually) to copy filtered resources, i.e. build is platform dependent!
2017-02-18 20:05:15,760 [Worker-13] INFO  o.e.m.c.i.embedder.EclipseLogger - Copying 0 resource
2017-02-18 20:05:16,424 [Worker-13] WARN  o.e.m.c.i.embedder.EclipseLogger - Using platform encoding (UTF-8 actually) to copy filtered resources, i.e. build is platform dependent!
2017-02-18 20:05:16,425 [Worker-13] INFO  o.e.m.c.i.embedder.EclipseLogger - Copying 0 resource
2017-02-18 20:05:16,427 [Worker-13] WARN  o.e.m.c.i.embedder.EclipseLogger - Using platform encoding (UTF-8 actually) to copy filtered resources, i.e. build is platform dependent!
2017-02-18 20:05:16,428 [Worker-13] INFO  o.e.m.c.i.embedder.EclipseLogger - Copying 0 resource
2017-02-18 20:05:23,471 [Worker-15] WARN  o.e.m.c.i.embedder.EclipseLogger - Using platform encoding (UTF-8 actually) to copy filtered resources, i.e. build is platform dependent!
2017-02-18 20:05:23,472 [Worker-15] INFO  o.e.m.c.i.embedder.EclipseLogger - Copying 0 resource
2017-02-18 20:05:23,477 [Worker-15] WARN  o.e.m.c.i.embedder.EclipseLogger - Using platform encoding (UTF-8 actually) to copy filtered resources, i.e. build is platform dependent!
2017-02-18 20:05:23,478 [Worker-15] INFO  o.e.m.c.i.embedder.EclipseLogger - Copying 0 resource
2017-02-18 20:05:23,800 [Worker-15] WARN  o.e.m.c.i.embedder.EclipseLogger - The artifact jstl:jstl:jar:1.1.2 has been relocated to javax.servlet:jstl:jar:1.1.2
2017-02-18 20:05:23,826 [Worker-15] WARN  o.e.m.c.i.embedder.EclipseLogger - Using platform encoding (UTF-8 actually) to copy filtered resources, i.e. build is platform dependent!
2017-02-18 20:05:23,827 [Worker-15] INFO  o.e.m.c.i.embedder.EclipseLogger - Copying 0 resource
2017-02-18 20:05:23,829 [Worker-15] WARN  o.e.m.c.i.embedder.EclipseLogger - Using platform encoding (UTF-8 actually) to copy filtered resources, i.e. build is platform dependent!
2017-02-18 20:05:23,830 [Worker-15] INFO  o.e.m.c.i.embedder.EclipseLogger - Copying 0 resource
2017-02-18 20:05:42,889 [Worker-9] WARN  o.e.m.c.i.embedder.EclipseLogger - Using platform encoding (UTF-8 actually) to copy filtered resources, i.e. build is platform dependent!
2017-02-18 20:05:42,892 [Worker-9] INFO  o.e.m.c.i.embedder.EclipseLogger - Copying 0 resource
2017-02-18 20:05:42,894 [Worker-9] WARN  o.e.m.c.i.embedder.EclipseLogger - Using platform encoding (UTF-8 actually) to copy filtered resources, i.e. build is platform dependent!
2017-02-18 20:05:42,895 [Worker-9] INFO  o.e.m.c.i.embedder.EclipseLogger - Copying 0 resource
2017-02-18 20:16:32,521 [Worker-20] WARN  o.e.m.c.i.embedder.EclipseLogger - Using platform encoding (UTF-8 actually) to copy filtered resources, i.e. build is platform dependent!
2017-02-18 20:16:32,663 [Worker-20] INFO  o.e.m.c.i.embedder.EclipseLogger - Copying 0 resource
2017-02-18 20:16:32,665 [Worker-20] WARN  o.e.m.c.i.embedder.EclipseLogger - Using platform encoding (UTF-8 actually) to copy filtered resources, i.e. build is platform dependent!
2017-02-18 20:16:32,666 [Worker-20] INFO  o.e.m.c.i.embedder.EclipseLogger - Copying 0 resource
2017-02-21 10:57:46,763 [Worker-0] WARN  o.e.m.c.i.embedder.EclipseLogger - The artifact jstl:jstl:jar:1.1.2 has been relocated to javax.servlet:jstl:jar:1.1.2
2017-02-21 10:57:47,202 [Worker-0] WARN  o.e.m.c.i.embedder.EclipseLogger - Using platform encoding (UTF-8 actually) to copy filtered resources, i.e. build is platform dependent!
2017-02-21 10:57:47,212 [Worker-0] INFO  o.e.m.c.i.embedder.EclipseLogger - Copying 0 resource
2017-02-21 10:57:47,216 [Worker-0] WARN  o.e.m.c.i.embedder.EclipseLogger - Using platform encoding (UTF-8 actually) to copy filtered resources, i.e. build is platform dependent!
2017-02-21 10:57:47,217 [Worker-0] INFO  o.e.m.c.i.embedder.EclipseLogger - Copying 0 resource
2017-02-21 12:14:10,884 [Worker-6] WARN  o.e.m.c.i.embedder.EclipseLogger - The artifact jstl:jstl:jar:1.1.2 has been relocated to javax.servlet:jstl:jar:1.1.2
2017-02-21 12:14:11,671 [Worker-6] WARN  o.e.m.c.i.embedder.EclipseLogger - Using platform encoding (UTF-8 actually) to copy filtered resources, i.e. build is platform dependent!
2017-02-21 12:14:11,681 [Worker-6] INFO  o.e.m.c.i.embedder.EclipseLogger - Copying 0 resource
2017-02-21 12:14:11,687 [Worker-6] WARN  o.e.m.c.i.embedder.EclipseLogger - Using platform encoding (UTF-8 actually) to copy filtered resources, i.e. build is platform dependent!
2017-02-21 12:14:11,688 [Worker-6] INFO  o.e.m.c.i.embedder.EclipseLogger - Copying 0 resource
