2017-02-15 08:18:45,137 [Worker-5] INFO  o.e.m.c.i.l.LifecycleMappingFactory - Using org.maven.ide.eclipse.wtp.WarLifecycleMapping lifecycle mapping for MavenProject: com.hellokoding:account:1.0-SNAPSHOT @ /home/khaled/workspaceLogin/registration-login-spring-xml-maven-jsp-mysql/pom.xml.
2017-02-15 08:18:45,721 [Worker-5] INFO  o.e.m.c.i.e.AbstractTransferListenerAdapter - Downloading https://repo.maven.apache.org/maven2/org/springframework/spring-web/4.2.0.RELEASE/spring-web-4.2.0.RELEASE.pom
2017-02-15 08:18:45,865 [Worker-5] INFO  o.e.m.c.i.e.AbstractTransferListenerAdapter - Downloaded https://repo.maven.apache.org/maven2/org/springframework/spring-web/4.2.0.RELEASE/spring-web-4.2.0.RELEASE.pom
2017-02-15 08:18:45,934 [Worker-5] INFO  o.e.m.c.i.e.AbstractTransferListenerAdapter - Downloading https://repo.maven.apache.org/maven2/org/springframework/spring-aop/4.2.0.RELEASE/spring-aop-4.2.0.RELEASE.pom
2017-02-15 08:18:45,998 [Worker-5] INFO  o.e.m.c.i.e.AbstractTransferListenerAdapter - Downloaded https://repo.maven.apache.org/maven2/org/springframework/spring-aop/4.2.0.RELEASE/spring-aop-4.2.0.RELEASE.pom
2017-02-15 08:18:46,064 [Worker-5] INFO  o.e.m.c.i.e.AbstractTransferListenerAdapter - Downloading https://repo.maven.apache.org/maven2/org/springframework/spring-beans/4.2.0.RELEASE/spring-beans-4.2.0.RELEASE.pom
2017-02-15 08:18:46,127 [Worker-5] INFO  o.e.m.c.i.e.AbstractTransferListenerAdapter - Downloaded https://repo.maven.apache.org/maven2/org/springframework/spring-beans/4.2.0.RELEASE/spring-beans-4.2.0.RELEASE.pom
2017-02-15 08:18:46,209 [Worker-5] INFO  o.e.m.c.i.e.AbstractTransferListenerAdapter - Downloading https://repo.maven.apache.org/maven2/org/springframework/spring-core/4.2.0.RELEASE/spring-core-4.2.0.RELEASE.pom
2017-02-15 08:18:46,280 [Worker-5] INFO  o.e.m.c.i.e.AbstractTransferListenerAdapter - Downloaded https://repo.maven.apache.org/maven2/org/springframework/spring-core/4.2.0.RELEASE/spring-core-4.2.0.RELEASE.pom
2017-02-15 08:18:46,385 [Worker-5] INFO  o.e.m.c.i.e.AbstractTransferListenerAdapter - Downloading https://repo.maven.apache.org/maven2/org/springframework/spring-context/4.2.0.RELEASE/spring-context-4.2.0.RELEASE.pom
2017-02-15 08:18:46,449 [Worker-5] INFO  o.e.m.c.i.e.AbstractTransferListenerAdapter - Downloaded https://repo.maven.apache.org/maven2/org/springframework/spring-context/4.2.0.RELEASE/spring-context-4.2.0.RELEASE.pom
2017-02-15 08:18:46,514 [Worker-5] INFO  o.e.m.c.i.e.AbstractTransferListenerAdapter - Downloading https://repo.maven.apache.org/maven2/org/springframework/spring-expression/4.2.0.RELEASE/spring-expression-4.2.0.RELEASE.pom
2017-02-15 08:18:46,614 [Worker-5] INFO  o.e.m.c.i.e.AbstractTransferListenerAdapter - Downloaded https://repo.maven.apache.org/maven2/org/springframework/spring-expression/4.2.0.RELEASE/spring-expression-4.2.0.RELEASE.pom
2017-02-15 08:18:46,693 [Worker-5] INFO  o.e.m.c.i.e.AbstractTransferListenerAdapter - Downloading https://repo.maven.apache.org/maven2/org/springframework/spring-webmvc/4.2.0.RELEASE/spring-webmvc-4.2.0.RELEASE.pom
2017-02-15 08:18:46,767 [Worker-5] INFO  o.e.m.c.i.e.AbstractTransferListenerAdapter - Downloaded https://repo.maven.apache.org/maven2/org/springframework/spring-webmvc/4.2.0.RELEASE/spring-webmvc-4.2.0.RELEASE.pom
2017-02-15 08:18:46,837 [Worker-5] INFO  o.e.m.c.i.e.AbstractTransferListenerAdapter - Downloading https://repo.maven.apache.org/maven2/org/springframework/security/spring-security-web/4.0.2.RELEASE/spring-security-web-4.0.2.RELEASE.pom
2017-02-15 08:18:46,932 [Worker-5] INFO  o.e.m.c.i.e.AbstractTransferListenerAdapter - Downloaded https://repo.maven.apache.org/maven2/org/springframework/security/spring-security-web/4.0.2.RELEASE/spring-security-web-4.0.2.RELEASE.pom
2017-02-15 08:18:46,997 [Worker-5] INFO  o.e.m.c.i.e.AbstractTransferListenerAdapter - Downloading https://repo.maven.apache.org/maven2/org/springframework/spring-framework-bom/4.1.6.RELEASE/spring-framework-bom-4.1.6.RELEASE.pom
2017-02-15 08:18:47,059 [Worker-5] INFO  o.e.m.c.i.e.AbstractTransferListenerAdapter - Downloaded https://repo.maven.apache.org/maven2/org/springframework/spring-framework-bom/4.1.6.RELEASE/spring-framework-bom-4.1.6.RELEASE.pom
2017-02-15 08:18:47,122 [Worker-5] INFO  o.e.m.c.i.e.AbstractTransferListenerAdapter - Downloading https://repo.maven.apache.org/maven2/org/springframework/security/spring-security-core/4.0.2.RELEASE/spring-security-core-4.0.2.RELEASE.pom
2017-02-15 08:18:47,189 [Worker-5] INFO  o.e.m.c.i.e.AbstractTransferListenerAdapter - Downloaded https://repo.maven.apache.org/maven2/org/springframework/security/spring-security-core/4.0.2.RELEASE/spring-security-core-4.0.2.RELEASE.pom
2017-02-15 08:18:47,252 [Worker-5] INFO  o.e.m.c.i.e.AbstractTransferListenerAdapter - Downloading https://repo.maven.apache.org/maven2/org/springframework/spring-aop/4.1.6.RELEASE/spring-aop-4.1.6.RELEASE.pom
2017-02-15 08:18:47,315 [Worker-5] INFO  o.e.m.c.i.e.AbstractTransferListenerAdapter - Downloaded https://repo.maven.apache.org/maven2/org/springframework/spring-aop/4.1.6.RELEASE/spring-aop-4.1.6.RELEASE.pom
2017-02-15 08:18:47,378 [Worker-5] INFO  o.e.m.c.i.e.AbstractTransferListenerAdapter - Downloading https://repo.maven.apache.org/maven2/org/springframework/spring-beans/4.1.6.RELEASE/spring-beans-4.1.6.RELEASE.pom
2017-02-15 08:18:47,439 [Worker-5] INFO  o.e.m.c.i.e.AbstractTransferListenerAdapter - Downloaded https://repo.maven.apache.org/maven2/org/springframework/spring-beans/4.1.6.RELEASE/spring-beans-4.1.6.RELEASE.pom
2017-02-15 08:18:47,503 [Worker-5] INFO  o.e.m.c.i.e.AbstractTransferListenerAdapter - Downloading https://repo.maven.apache.org/maven2/org/springframework/spring-core/4.1.6.RELEASE/spring-core-4.1.6.RELEASE.pom
2017-02-15 08:18:47,563 [Worker-5] INFO  o.e.m.c.i.e.AbstractTransferListenerAdapter - Downloaded https://repo.maven.apache.org/maven2/org/springframework/spring-core/4.1.6.RELEASE/spring-core-4.1.6.RELEASE.pom
2017-02-15 08:18:47,626 [Worker-5] INFO  o.e.m.c.i.e.AbstractTransferListenerAdapter - Downloading https://repo.maven.apache.org/maven2/org/springframework/spring-context/4.1.6.RELEASE/spring-context-4.1.6.RELEASE.pom
2017-02-15 08:18:47,691 [Worker-5] INFO  o.e.m.c.i.e.AbstractTransferListenerAdapter - Downloaded https://repo.maven.apache.org/maven2/org/springframework/spring-context/4.1.6.RELEASE/spring-context-4.1.6.RELEASE.pom
2017-02-15 08:18:47,755 [Worker-5] INFO  o.e.m.c.i.e.AbstractTransferListenerAdapter - Downloading https://repo.maven.apache.org/maven2/org/springframework/spring-expression/4.1.6.RELEASE/spring-expression-4.1.6.RELEASE.pom
2017-02-15 08:18:47,815 [Worker-5] INFO  o.e.m.c.i.e.AbstractTransferListenerAdapter - Downloaded https://repo.maven.apache.org/maven2/org/springframework/spring-expression/4.1.6.RELEASE/spring-expression-4.1.6.RELEASE.pom
2017-02-15 08:18:47,880 [Worker-5] INFO  o.e.m.c.i.e.AbstractTransferListenerAdapter - Downloading https://repo.maven.apache.org/maven2/org/springframework/spring-web/4.1.6.RELEASE/spring-web-4.1.6.RELEASE.pom
2017-02-15 08:18:47,946 [Worker-5] INFO  o.e.m.c.i.e.AbstractTransferListenerAdapter - Downloaded https://repo.maven.apache.org/maven2/org/springframework/spring-web/4.1.6.RELEASE/spring-web-4.1.6.RELEASE.pom
2017-02-15 08:18:48,011 [Worker-5] INFO  o.e.m.c.i.e.AbstractTransferListenerAdapter - Downloading https://repo.maven.apache.org/maven2/org/springframework/security/spring-security-config/4.0.2.RELEASE/spring-security-config-4.0.2.RELEASE.pom
2017-02-15 08:18:48,080 [Worker-5] INFO  o.e.m.c.i.e.AbstractTransferListenerAdapter - Downloaded https://repo.maven.apache.org/maven2/org/springframework/security/spring-security-config/4.0.2.RELEASE/spring-security-config-4.0.2.RELEASE.pom
2017-02-15 08:18:48,144 [Worker-5] INFO  o.e.m.c.i.e.AbstractTransferListenerAdapter - Downloading https://repo.maven.apache.org/maven2/org/hibernate/hibernate-validator/5.2.1.Final/hibernate-validator-5.2.1.Final.pom
2017-02-15 08:18:48,213 [Worker-5] INFO  o.e.m.c.i.e.AbstractTransferListenerAdapter - Downloaded https://repo.maven.apache.org/maven2/org/hibernate/hibernate-validator/5.2.1.Final/hibernate-validator-5.2.1.Final.pom
2017-02-15 08:18:48,276 [Worker-5] INFO  o.e.m.c.i.e.AbstractTransferListenerAdapter - Downloading https://repo.maven.apache.org/maven2/org/hibernate/hibernate-validator-parent/5.2.1.Final/hibernate-validator-parent-5.2.1.Final.pom
2017-02-15 08:18:48,396 [Worker-5] INFO  o.e.m.c.i.e.AbstractTransferListenerAdapter - Downloaded https://repo.maven.apache.org/maven2/org/hibernate/hibernate-validator-parent/5.2.1.Final/hibernate-validator-parent-5.2.1.Final.pom
2017-02-15 08:18:48,466 [Worker-5] INFO  o.e.m.c.i.e.AbstractTransferListenerAdapter - Downloading https://repo.maven.apache.org/maven2/org/jboss/arquillian/arquillian-bom/1.0.2.Final/arquillian-bom-1.0.2.Final.pom
2017-02-15 08:18:48,528 [Worker-5] INFO  o.e.m.c.i.e.AbstractTransferListenerAdapter - Downloaded https://repo.maven.apache.org/maven2/org/jboss/arquillian/arquillian-bom/1.0.2.Final/arquillian-bom-1.0.2.Final.pom
2017-02-15 08:18:48,590 [Worker-5] INFO  o.e.m.c.i.e.AbstractTransferListenerAdapter - Downloading https://repo.maven.apache.org/maven2/org/jboss/shrinkwrap/shrinkwrap-bom/1.0.1/shrinkwrap-bom-1.0.1.pom
2017-02-15 08:18:48,650 [Worker-5] INFO  o.e.m.c.i.e.AbstractTransferListenerAdapter - Downloaded https://repo.maven.apache.org/maven2/org/jboss/shrinkwrap/shrinkwrap-bom/1.0.1/shrinkwrap-bom-1.0.1.pom
2017-02-15 08:18:48,714 [Worker-5] INFO  o.e.m.c.i.e.AbstractTransferListenerAdapter - Downloading https://repo.maven.apache.org/maven2/org/jboss/shrinkwrap/resolver/shrinkwrap-resolver-bom/1.0.0-beta-7/shrinkwrap-resolver-bom-1.0.0-beta-7.pom
2017-02-15 08:18:48,774 [Worker-5] INFO  o.e.m.c.i.e.AbstractTransferListenerAdapter - Downloaded https://repo.maven.apache.org/maven2/org/jboss/shrinkwrap/resolver/shrinkwrap-resolver-bom/1.0.0-beta-7/shrinkwrap-resolver-bom-1.0.0-beta-7.pom
2017-02-15 08:18:48,838 [Worker-5] INFO  o.e.m.c.i.e.AbstractTransferListenerAdapter - Downloading https://repo.maven.apache.org/maven2/org/jboss/shrinkwrap/descriptors/shrinkwrap-descriptors-bom/2.0.0-alpha-3/shrinkwrap-descriptors-bom-2.0.0-alpha-3.pom
2017-02-15 08:18:48,899 [Worker-5] INFO  o.e.m.c.i.e.AbstractTransferListenerAdapter - Downloaded https://repo.maven.apache.org/maven2/org/jboss/shrinkwrap/descriptors/shrinkwrap-descriptors-bom/2.0.0-alpha-3/shrinkwrap-descriptors-bom-2.0.0-alpha-3.pom
2017-02-15 08:18:48,976 [Worker-5] INFO  o.e.m.c.i.e.AbstractTransferListenerAdapter - Downloading https://repo.maven.apache.org/maven2/org/springframework/data/spring-data-jpa/1.8.2.RELEASE/spring-data-jpa-1.8.2.RELEASE.pom
2017-02-15 08:18:49,046 [Worker-5] INFO  o.e.m.c.i.e.AbstractTransferListenerAdapter - Downloaded https://repo.maven.apache.org/maven2/org/springframework/data/spring-data-jpa/1.8.2.RELEASE/spring-data-jpa-1.8.2.RELEASE.pom
2017-02-15 08:18:49,113 [Worker-5] INFO  o.e.m.c.i.e.AbstractTransferListenerAdapter - Downloading https://repo.maven.apache.org/maven2/org/springframework/data/build/spring-data-parent/1.6.2.RELEASE/spring-data-parent-1.6.2.RELEASE.pom
2017-02-15 08:18:49,185 [Worker-5] INFO  o.e.m.c.i.e.AbstractTransferListenerAdapter - Downloaded https://repo.maven.apache.org/maven2/org/springframework/data/build/spring-data-parent/1.6.2.RELEASE/spring-data-parent-1.6.2.RELEASE.pom
2017-02-15 08:18:49,249 [Worker-5] INFO  o.e.m.c.i.e.AbstractTransferListenerAdapter - Downloading https://repo.maven.apache.org/maven2/org/springframework/data/build/spring-data-build/1.6.2.RELEASE/spring-data-build-1.6.2.RELEASE.pom
2017-02-15 08:18:49,311 [Worker-5] INFO  o.e.m.c.i.e.AbstractTransferListenerAdapter - Downloaded https://repo.maven.apache.org/maven2/org/springframework/data/build/spring-data-build/1.6.2.RELEASE/spring-data-build-1.6.2.RELEASE.pom
2017-02-15 08:18:49,376 [Worker-5] INFO  o.e.m.c.i.e.AbstractTransferListenerAdapter - Downloading https://repo.maven.apache.org/maven2/org/springframework/spring-framework-bom/4.0.9.RELEASE/spring-framework-bom-4.0.9.RELEASE.pom
2017-02-15 08:18:49,437 [Worker-5] INFO  o.e.m.c.i.e.AbstractTransferListenerAdapter - Downloaded https://repo.maven.apache.org/maven2/org/springframework/spring-framework-bom/4.0.9.RELEASE/spring-framework-bom-4.0.9.RELEASE.pom
2017-02-15 08:18:49,499 [Worker-5] INFO  o.e.m.c.i.e.AbstractTransferListenerAdapter - Downloading https://repo.maven.apache.org/maven2/org/springframework/data/spring-data-commons/1.10.2.RELEASE/spring-data-commons-1.10.2.RELEASE.pom
2017-02-15 08:18:49,562 [Worker-5] INFO  o.e.m.c.i.e.AbstractTransferListenerAdapter - Downloaded https://repo.maven.apache.org/maven2/org/springframework/data/spring-data-commons/1.10.2.RELEASE/spring-data-commons-1.10.2.RELEASE.pom
2017-02-15 08:18:49,627 [Worker-5] INFO  o.e.m.c.i.e.AbstractTransferListenerAdapter - Downloading https://repo.maven.apache.org/maven2/org/springframework/spring-core/4.0.9.RELEASE/spring-core-4.0.9.RELEASE.pom
2017-02-15 08:18:49,690 [Worker-5] INFO  o.e.m.c.i.e.AbstractTransferListenerAdapter - Downloaded https://repo.maven.apache.org/maven2/org/springframework/spring-core/4.0.9.RELEASE/spring-core-4.0.9.RELEASE.pom
2017-02-15 08:18:49,753 [Worker-5] INFO  o.e.m.c.i.e.AbstractTransferListenerAdapter - Downloading https://repo.maven.apache.org/maven2/org/springframework/spring-beans/4.0.9.RELEASE/spring-beans-4.0.9.RELEASE.pom
2017-02-15 08:18:49,824 [Worker-5] INFO  o.e.m.c.i.e.AbstractTransferListenerAdapter - Downloaded https://repo.maven.apache.org/maven2/org/springframework/spring-beans/4.0.9.RELEASE/spring-beans-4.0.9.RELEASE.pom
2017-02-15 08:18:49,887 [Worker-5] INFO  o.e.m.c.i.e.AbstractTransferListenerAdapter - Downloading https://repo.maven.apache.org/maven2/commons-logging/commons-logging/1.1.3/commons-logging-1.1.3.pom
2017-02-15 08:18:49,953 [Worker-5] INFO  o.e.m.c.i.e.AbstractTransferListenerAdapter - Downloaded https://repo.maven.apache.org/maven2/commons-logging/commons-logging/1.1.3/commons-logging-1.1.3.pom
2017-02-15 08:18:50,018 [Worker-5] INFO  o.e.m.c.i.e.AbstractTransferListenerAdapter - Downloading https://repo.maven.apache.org/maven2/org/apache/commons/commons-parent/28/commons-parent-28.pom
2017-02-15 08:18:50,103 [Worker-5] INFO  o.e.m.c.i.e.AbstractTransferListenerAdapter - Downloaded https://repo.maven.apache.org/maven2/org/apache/commons/commons-parent/28/commons-parent-28.pom
2017-02-15 08:18:50,175 [Worker-5] INFO  o.e.m.c.i.e.AbstractTransferListenerAdapter - Downloading https://repo.maven.apache.org/maven2/org/slf4j/slf4j-api/1.7.12/slf4j-api-1.7.12.pom
2017-02-15 08:18:50,236 [Worker-5] INFO  o.e.m.c.i.e.AbstractTransferListenerAdapter - Downloaded https://repo.maven.apache.org/maven2/org/slf4j/slf4j-api/1.7.12/slf4j-api-1.7.12.pom
2017-02-15 08:18:50,297 [Worker-5] INFO  o.e.m.c.i.e.AbstractTransferListenerAdapter - Downloading https://repo.maven.apache.org/maven2/org/slf4j/slf4j-parent/1.7.12/slf4j-parent-1.7.12.pom
2017-02-15 08:18:50,361 [Worker-5] INFO  o.e.m.c.i.e.AbstractTransferListenerAdapter - Downloaded https://repo.maven.apache.org/maven2/org/slf4j/slf4j-parent/1.7.12/slf4j-parent-1.7.12.pom
2017-02-15 08:18:50,425 [Worker-5] INFO  o.e.m.c.i.e.AbstractTransferListenerAdapter - Downloading https://repo.maven.apache.org/maven2/org/slf4j/jcl-over-slf4j/1.7.12/jcl-over-slf4j-1.7.12.pom
2017-02-15 08:18:50,486 [Worker-5] INFO  o.e.m.c.i.e.AbstractTransferListenerAdapter - Downloaded https://repo.maven.apache.org/maven2/org/slf4j/jcl-over-slf4j/1.7.12/jcl-over-slf4j-1.7.12.pom
2017-02-15 08:18:50,549 [Worker-5] INFO  o.e.m.c.i.e.AbstractTransferListenerAdapter - Downloading https://repo.maven.apache.org/maven2/org/springframework/spring-orm/4.0.9.RELEASE/spring-orm-4.0.9.RELEASE.pom
2017-02-15 08:18:50,612 [Worker-5] INFO  o.e.m.c.i.e.AbstractTransferListenerAdapter - Downloaded https://repo.maven.apache.org/maven2/org/springframework/spring-orm/4.0.9.RELEASE/spring-orm-4.0.9.RELEASE.pom
2017-02-15 08:18:50,675 [Worker-5] INFO  o.e.m.c.i.e.AbstractTransferListenerAdapter - Downloading https://repo.maven.apache.org/maven2/org/springframework/spring-jdbc/4.0.9.RELEASE/spring-jdbc-4.0.9.RELEASE.pom
2017-02-15 08:18:50,737 [Worker-5] INFO  o.e.m.c.i.e.AbstractTransferListenerAdapter - Downloaded https://repo.maven.apache.org/maven2/org/springframework/spring-jdbc/4.0.9.RELEASE/spring-jdbc-4.0.9.RELEASE.pom
2017-02-15 08:18:50,800 [Worker-5] INFO  o.e.m.c.i.e.AbstractTransferListenerAdapter - Downloading https://repo.maven.apache.org/maven2/org/springframework/spring-tx/4.0.9.RELEASE/spring-tx-4.0.9.RELEASE.pom
2017-02-15 08:18:50,862 [Worker-5] INFO  o.e.m.c.i.e.AbstractTransferListenerAdapter - Downloaded https://repo.maven.apache.org/maven2/org/springframework/spring-tx/4.0.9.RELEASE/spring-tx-4.0.9.RELEASE.pom
2017-02-15 08:18:50,925 [Worker-5] INFO  o.e.m.c.i.e.AbstractTransferListenerAdapter - Downloading https://repo.maven.apache.org/maven2/org/springframework/spring-context/4.0.9.RELEASE/spring-context-4.0.9.RELEASE.pom
2017-02-15 08:18:50,991 [Worker-5] INFO  o.e.m.c.i.e.AbstractTransferListenerAdapter - Downloaded https://repo.maven.apache.org/maven2/org/springframework/spring-context/4.0.9.RELEASE/spring-context-4.0.9.RELEASE.pom
2017-02-15 08:18:51,053 [Worker-5] INFO  o.e.m.c.i.e.AbstractTransferListenerAdapter - Downloading https://repo.maven.apache.org/maven2/org/springframework/spring-aop/4.0.9.RELEASE/spring-aop-4.0.9.RELEASE.pom
2017-02-15 08:18:51,114 [Worker-5] INFO  o.e.m.c.i.e.AbstractTransferListenerAdapter - Downloaded https://repo.maven.apache.org/maven2/org/springframework/spring-aop/4.0.9.RELEASE/spring-aop-4.0.9.RELEASE.pom
2017-02-15 08:18:51,177 [Worker-5] INFO  o.e.m.c.i.e.AbstractTransferListenerAdapter - Downloading https://repo.maven.apache.org/maven2/org/springframework/spring-expression/4.0.9.RELEASE/spring-expression-4.0.9.RELEASE.pom
2017-02-15 08:18:51,239 [Worker-5] INFO  o.e.m.c.i.e.AbstractTransferListenerAdapter - Downloaded https://repo.maven.apache.org/maven2/org/springframework/spring-expression/4.0.9.RELEASE/spring-expression-4.0.9.RELEASE.pom
2017-02-15 08:18:51,300 [Worker-5] INFO  o.e.m.c.i.e.AbstractTransferListenerAdapter - Downloading https://repo.maven.apache.org/maven2/org/aspectj/aspectjrt/1.8.6/aspectjrt-1.8.6.pom
2017-02-15 08:18:51,362 [Worker-5] INFO  o.e.m.c.i.e.AbstractTransferListenerAdapter - Downloaded https://repo.maven.apache.org/maven2/org/aspectj/aspectjrt/1.8.6/aspectjrt-1.8.6.pom
2017-02-15 08:18:51,425 [Worker-5] INFO  o.e.m.c.i.e.AbstractTransferListenerAdapter - Downloading https://repo.maven.apache.org/maven2/org/hibernate/hibernate-entitymanager/4.3.11.Final/hibernate-entitymanager-4.3.11.Final.pom
2017-02-15 08:18:51,488 [Worker-5] INFO  o.e.m.c.i.e.AbstractTransferListenerAdapter - Downloaded https://repo.maven.apache.org/maven2/org/hibernate/hibernate-entitymanager/4.3.11.Final/hibernate-entitymanager-4.3.11.Final.pom
2017-02-15 08:18:51,553 [Worker-5] INFO  o.e.m.c.i.e.AbstractTransferListenerAdapter - Downloading https://repo.maven.apache.org/maven2/org/jboss/logging/jboss-logging/3.1.3.GA/jboss-logging-3.1.3.GA.pom
2017-02-15 08:18:51,615 [Worker-5] INFO  o.e.m.c.i.e.AbstractTransferListenerAdapter - Downloaded https://repo.maven.apache.org/maven2/org/jboss/logging/jboss-logging/3.1.3.GA/jboss-logging-3.1.3.GA.pom
2017-02-15 08:18:51,678 [Worker-5] INFO  o.e.m.c.i.e.AbstractTransferListenerAdapter - Downloading https://repo.maven.apache.org/maven2/org/jboss/jboss-parent/9/jboss-parent-9.pom
2017-02-15 08:18:51,745 [Worker-5] INFO  o.e.m.c.i.e.AbstractTransferListenerAdapter - Downloaded https://repo.maven.apache.org/maven2/org/jboss/jboss-parent/9/jboss-parent-9.pom
2017-02-15 08:18:51,808 [Worker-5] INFO  o.e.m.c.i.e.AbstractTransferListenerAdapter - Downloading https://repo.maven.apache.org/maven2/org/jboss/logging/jboss-logging-annotations/1.2.0.Beta1/jboss-logging-annotations-1.2.0.Beta1.pom
2017-02-15 08:18:51,887 [Worker-5] INFO  o.e.m.c.i.e.AbstractTransferListenerAdapter - Downloaded https://repo.maven.apache.org/maven2/org/jboss/logging/jboss-logging-annotations/1.2.0.Beta1/jboss-logging-annotations-1.2.0.Beta1.pom
2017-02-15 08:18:51,949 [Worker-5] INFO  o.e.m.c.i.e.AbstractTransferListenerAdapter - Downloading https://repo.maven.apache.org/maven2/org/jboss/logging/jboss-logging-tools-parent/1.2.0.Beta1/jboss-logging-tools-parent-1.2.0.Beta1.pom
2017-02-15 08:18:52,010 [Worker-5] INFO  o.e.m.c.i.e.AbstractTransferListenerAdapter - Downloaded https://repo.maven.apache.org/maven2/org/jboss/logging/jboss-logging-tools-parent/1.2.0.Beta1/jboss-logging-tools-parent-1.2.0.Beta1.pom
2017-02-15 08:18:52,072 [Worker-5] INFO  o.e.m.c.i.e.AbstractTransferListenerAdapter - Downloading https://repo.maven.apache.org/maven2/org/jboss/jboss-parent/10/jboss-parent-10.pom
2017-02-15 08:18:52,140 [Worker-5] INFO  o.e.m.c.i.e.AbstractTransferListenerAdapter - Downloaded https://repo.maven.apache.org/maven2/org/jboss/jboss-parent/10/jboss-parent-10.pom
2017-02-15 08:18:52,204 [Worker-5] INFO  o.e.m.c.i.e.AbstractTransferListenerAdapter - Downloading https://repo.maven.apache.org/maven2/org/hibernate/hibernate-core/4.3.11.Final/hibernate-core-4.3.11.Final.pom
2017-02-15 08:18:52,266 [Worker-5] INFO  o.e.m.c.i.e.AbstractTransferListenerAdapter - Downloaded https://repo.maven.apache.org/maven2/org/hibernate/hibernate-core/4.3.11.Final/hibernate-core-4.3.11.Final.pom
2017-02-15 08:18:52,328 [Worker-5] INFO  o.e.m.c.i.e.AbstractTransferListenerAdapter - Downloading https://repo.maven.apache.org/maven2/org/jboss/spec/javax/transaction/jboss-transaction-api_1.2_spec/1.0.0.Final/jboss-transaction-api_1.2_spec-1.0.0.Final.pom
2017-02-15 08:18:52,389 [Worker-5] INFO  o.e.m.c.i.e.AbstractTransferListenerAdapter - Downloaded https://repo.maven.apache.org/maven2/org/jboss/spec/javax/transaction/jboss-transaction-api_1.2_spec/1.0.0.Final/jboss-transaction-api_1.2_spec-1.0.0.Final.pom
2017-02-15 08:18:52,492 [Worker-5] INFO  o.e.m.c.i.e.AbstractTransferListenerAdapter - Downloading https://repo.maven.apache.org/maven2/org/hibernate/common/hibernate-commons-annotations/4.0.5.Final/hibernate-commons-annotations-4.0.5.Final.pom
2017-02-15 08:18:52,553 [Worker-5] INFO  o.e.m.c.i.e.AbstractTransferListenerAdapter - Downloaded https://repo.maven.apache.org/maven2/org/hibernate/common/hibernate-commons-annotations/4.0.5.Final/hibernate-commons-annotations-4.0.5.Final.pom
2017-02-15 08:18:52,616 [Worker-5] INFO  o.e.m.c.i.e.AbstractTransferListenerAdapter - Downloading https://repo.maven.apache.org/maven2/org/javassist/javassist/3.18.1-GA/javassist-3.18.1-GA.pom
2017-02-15 08:18:52,679 [Worker-5] INFO  o.e.m.c.i.e.AbstractTransferListenerAdapter - Downloaded https://repo.maven.apache.org/maven2/org/javassist/javassist/3.18.1-GA/javassist-3.18.1-GA.pom
2017-02-15 08:18:52,745 [Worker-5] INFO  o.e.m.c.i.e.AbstractTransferListenerAdapter - Downloading https://repo.maven.apache.org/maven2/org/jboss/jandex/1.1.0.Final/jandex-1.1.0.Final.pom
2017-02-15 08:18:52,810 [Worker-5] INFO  o.e.m.c.i.e.AbstractTransferListenerAdapter - Downloaded https://repo.maven.apache.org/maven2/org/jboss/jandex/1.1.0.Final/jandex-1.1.0.Final.pom
2017-02-15 08:18:52,871 [Worker-5] INFO  o.e.m.c.i.e.AbstractTransferListenerAdapter - Downloading https://repo.maven.apache.org/maven2/org/jboss/jboss-parent/5/jboss-parent-5.pom
2017-02-15 08:18:52,939 [Worker-5] INFO  o.e.m.c.i.e.AbstractTransferListenerAdapter - Downloaded https://repo.maven.apache.org/maven2/org/jboss/jboss-parent/5/jboss-parent-5.pom
2017-02-15 08:18:53,004 [Worker-5] INFO  o.e.m.c.i.e.AbstractTransferListenerAdapter - Downloading https://repo.maven.apache.org/maven2/mysql/mysql-connector-java/5.1.36/mysql-connector-java-5.1.36.pom
2017-02-15 08:18:53,064 [Worker-5] INFO  o.e.m.c.i.e.AbstractTransferListenerAdapter - Downloaded https://repo.maven.apache.org/maven2/mysql/mysql-connector-java/5.1.36/mysql-connector-java-5.1.36.pom
2017-02-15 08:18:53,233 [Worker-5] INFO  o.e.m.c.i.e.AbstractTransferListenerAdapter - Downloading https://repo.maven.apache.org/maven2/ch/qos/logback/logback-classic/1.1.3/logback-classic-1.1.3.pom
2017-02-15 08:18:53,294 [Worker-5] INFO  o.e.m.c.i.e.AbstractTransferListenerAdapter - Downloaded https://repo.maven.apache.org/maven2/ch/qos/logback/logback-classic/1.1.3/logback-classic-1.1.3.pom
2017-02-15 08:18:53,357 [Worker-5] INFO  o.e.m.c.i.e.AbstractTransferListenerAdapter - Downloading https://repo.maven.apache.org/maven2/ch/qos/logback/logback-parent/1.1.3/logback-parent-1.1.3.pom
2017-02-15 08:18:53,424 [Worker-5] INFO  o.e.m.c.i.e.AbstractTransferListenerAdapter - Downloaded https://repo.maven.apache.org/maven2/ch/qos/logback/logback-parent/1.1.3/logback-parent-1.1.3.pom
2017-02-15 08:18:53,487 [Worker-5] INFO  o.e.m.c.i.e.AbstractTransferListenerAdapter - Downloading https://repo.maven.apache.org/maven2/ch/qos/logback/logback-core/1.1.3/logback-core-1.1.3.pom
2017-02-15 08:18:53,548 [Worker-5] INFO  o.e.m.c.i.e.AbstractTransferListenerAdapter - Downloaded https://repo.maven.apache.org/maven2/ch/qos/logback/logback-core/1.1.3/logback-core-1.1.3.pom
2017-02-15 08:18:53,611 [Worker-5] INFO  o.e.m.c.i.e.AbstractTransferListenerAdapter - Downloading https://repo.maven.apache.org/maven2/org/slf4j/slf4j-api/1.7.7/slf4j-api-1.7.7.pom
2017-02-15 08:18:53,672 [Worker-5] INFO  o.e.m.c.i.e.AbstractTransferListenerAdapter - Downloaded https://repo.maven.apache.org/maven2/org/slf4j/slf4j-api/1.7.7/slf4j-api-1.7.7.pom
2017-02-15 08:18:53,732 [Worker-5] INFO  o.e.m.c.i.e.AbstractTransferListenerAdapter - Downloading https://repo.maven.apache.org/maven2/org/slf4j/slf4j-parent/1.7.7/slf4j-parent-1.7.7.pom
2017-02-15 08:18:53,795 [Worker-5] INFO  o.e.m.c.i.e.AbstractTransferListenerAdapter - Downloaded https://repo.maven.apache.org/maven2/org/slf4j/slf4j-parent/1.7.7/slf4j-parent-1.7.7.pom
2017-02-15 08:18:53,875 [Worker-5] INFO  o.e.m.c.i.e.AbstractTransferListenerAdapter - Downloading https://repo.maven.apache.org/maven2/org/springframework/spring-web/4.2.0.RELEASE/spring-web-4.2.0.RELEASE.jar
2017-02-15 08:18:54,141 [Worker-5] INFO  o.e.m.c.i.e.AbstractTransferListenerAdapter - Downloaded https://repo.maven.apache.org/maven2/org/springframework/spring-web/4.2.0.RELEASE/spring-web-4.2.0.RELEASE.jar
2017-02-15 08:18:54,203 [Worker-5] INFO  o.e.m.c.i.e.AbstractTransferListenerAdapter - Downloading https://repo.maven.apache.org/maven2/org/springframework/spring-aop/4.2.0.RELEASE/spring-aop-4.2.0.RELEASE.jar
2017-02-15 08:18:54,407 [Worker-5] INFO  o.e.m.c.i.e.AbstractTransferListenerAdapter - Downloaded https://repo.maven.apache.org/maven2/org/springframework/spring-aop/4.2.0.RELEASE/spring-aop-4.2.0.RELEASE.jar
2017-02-15 08:18:54,470 [Worker-5] INFO  o.e.m.c.i.e.AbstractTransferListenerAdapter - Downloading https://repo.maven.apache.org/maven2/org/springframework/spring-beans/4.2.0.RELEASE/spring-beans-4.2.0.RELEASE.jar
2017-02-15 08:18:54,609 [Worker-5] INFO  o.e.m.c.i.e.AbstractTransferListenerAdapter - Downloaded https://repo.maven.apache.org/maven2/org/springframework/spring-beans/4.2.0.RELEASE/spring-beans-4.2.0.RELEASE.jar
2017-02-15 08:18:54,673 [Worker-5] INFO  o.e.m.c.i.e.AbstractTransferListenerAdapter - Downloading https://repo.maven.apache.org/maven2/org/springframework/spring-context/4.2.0.RELEASE/spring-context-4.2.0.RELEASE.jar
2017-02-15 08:18:54,860 [Worker-5] INFO  o.e.m.c.i.e.AbstractTransferListenerAdapter - Downloaded https://repo.maven.apache.org/maven2/org/springframework/spring-context/4.2.0.RELEASE/spring-context-4.2.0.RELEASE.jar
2017-02-15 08:18:54,929 [Worker-5] INFO  o.e.m.c.i.e.AbstractTransferListenerAdapter - Downloading https://repo.maven.apache.org/maven2/org/springframework/spring-core/4.2.0.RELEASE/spring-core-4.2.0.RELEASE.jar
2017-02-15 08:18:55,100 [Worker-5] INFO  o.e.m.c.i.e.AbstractTransferListenerAdapter - Downloaded https://repo.maven.apache.org/maven2/org/springframework/spring-core/4.2.0.RELEASE/spring-core-4.2.0.RELEASE.jar
2017-02-15 08:18:55,162 [Worker-5] INFO  o.e.m.c.i.e.AbstractTransferListenerAdapter - Downloading https://repo.maven.apache.org/maven2/org/springframework/spring-webmvc/4.2.0.RELEASE/spring-webmvc-4.2.0.RELEASE.jar
2017-02-15 08:18:55,318 [Worker-5] INFO  o.e.m.c.i.e.AbstractTransferListenerAdapter - Downloaded https://repo.maven.apache.org/maven2/org/springframework/spring-webmvc/4.2.0.RELEASE/spring-webmvc-4.2.0.RELEASE.jar
2017-02-15 08:18:55,378 [Worker-5] INFO  o.e.m.c.i.e.AbstractTransferListenerAdapter - Downloading https://repo.maven.apache.org/maven2/org/springframework/spring-expression/4.2.0.RELEASE/spring-expression-4.2.0.RELEASE.jar
2017-02-15 08:18:55,468 [Worker-5] INFO  o.e.m.c.i.e.AbstractTransferListenerAdapter - Downloaded https://repo.maven.apache.org/maven2/org/springframework/spring-expression/4.2.0.RELEASE/spring-expression-4.2.0.RELEASE.jar
2017-02-15 08:18:55,532 [Worker-5] INFO  o.e.m.c.i.e.AbstractTransferListenerAdapter - Downloading https://repo.maven.apache.org/maven2/org/springframework/security/spring-security-web/4.0.2.RELEASE/spring-security-web-4.0.2.RELEASE.jar
2017-02-15 08:18:55,705 [Worker-5] INFO  o.e.m.c.i.e.AbstractTransferListenerAdapter - Downloaded https://repo.maven.apache.org/maven2/org/springframework/security/spring-security-web/4.0.2.RELEASE/spring-security-web-4.0.2.RELEASE.jar
2017-02-15 08:18:55,765 [Worker-5] INFO  o.e.m.c.i.e.AbstractTransferListenerAdapter - Downloading https://repo.maven.apache.org/maven2/org/springframework/security/spring-security-core/4.0.2.RELEASE/spring-security-core-4.0.2.RELEASE.jar
2017-02-15 08:18:55,878 [Worker-5] INFO  o.e.m.c.i.e.AbstractTransferListenerAdapter - Downloaded https://repo.maven.apache.org/maven2/org/springframework/security/spring-security-core/4.0.2.RELEASE/spring-security-core-4.0.2.RELEASE.jar
2017-02-15 08:18:55,943 [Worker-5] INFO  o.e.m.c.i.e.AbstractTransferListenerAdapter - Downloading https://repo.maven.apache.org/maven2/org/springframework/security/spring-security-config/4.0.2.RELEASE/spring-security-config-4.0.2.RELEASE.jar
2017-02-15 08:18:56,072 [Worker-5] INFO  o.e.m.c.i.e.AbstractTransferListenerAdapter - Downloaded https://repo.maven.apache.org/maven2/org/springframework/security/spring-security-config/4.0.2.RELEASE/spring-security-config-4.0.2.RELEASE.jar
2017-02-15 08:18:56,136 [Worker-5] INFO  o.e.m.c.i.e.AbstractTransferListenerAdapter - Downloading https://repo.maven.apache.org/maven2/org/hibernate/hibernate-validator/5.2.1.Final/hibernate-validator-5.2.1.Final.jar
2017-02-15 08:18:56,294 [Worker-5] INFO  o.e.m.c.i.e.AbstractTransferListenerAdapter - Downloaded https://repo.maven.apache.org/maven2/org/hibernate/hibernate-validator/5.2.1.Final/hibernate-validator-5.2.1.Final.jar
2017-02-15 08:18:56,361 [Worker-5] INFO  o.e.m.c.i.e.AbstractTransferListenerAdapter - Downloading https://repo.maven.apache.org/maven2/org/springframework/data/spring-data-jpa/1.8.2.RELEASE/spring-data-jpa-1.8.2.RELEASE.jar
2017-02-15 08:18:56,449 [Worker-5] INFO  o.e.m.c.i.e.AbstractTransferListenerAdapter - Downloaded https://repo.maven.apache.org/maven2/org/springframework/data/spring-data-jpa/1.8.2.RELEASE/spring-data-jpa-1.8.2.RELEASE.jar
2017-02-15 08:18:56,513 [Worker-5] INFO  o.e.m.c.i.e.AbstractTransferListenerAdapter - Downloading https://repo.maven.apache.org/maven2/org/springframework/data/spring-data-commons/1.10.2.RELEASE/spring-data-commons-1.10.2.RELEASE.jar
2017-02-15 08:18:56,659 [Worker-5] INFO  o.e.m.c.i.e.AbstractTransferListenerAdapter - Downloaded https://repo.maven.apache.org/maven2/org/springframework/data/spring-data-commons/1.10.2.RELEASE/spring-data-commons-1.10.2.RELEASE.jar
2017-02-15 08:18:56,726 [Worker-5] INFO  o.e.m.c.i.e.AbstractTransferListenerAdapter - Downloading https://repo.maven.apache.org/maven2/org/springframework/spring-orm/4.0.9.RELEASE/spring-orm-4.0.9.RELEASE.jar
2017-02-15 08:18:56,939 [Worker-5] INFO  o.e.m.c.i.e.AbstractTransferListenerAdapter - Downloaded https://repo.maven.apache.org/maven2/org/springframework/spring-orm/4.0.9.RELEASE/spring-orm-4.0.9.RELEASE.jar
2017-02-15 08:18:57,004 [Worker-5] INFO  o.e.m.c.i.e.AbstractTransferListenerAdapter - Downloading https://repo.maven.apache.org/maven2/org/springframework/spring-jdbc/4.0.9.RELEASE/spring-jdbc-4.0.9.RELEASE.jar
2017-02-15 08:18:57,154 [Worker-5] INFO  o.e.m.c.i.e.AbstractTransferListenerAdapter - Downloaded https://repo.maven.apache.org/maven2/org/springframework/spring-jdbc/4.0.9.RELEASE/spring-jdbc-4.0.9.RELEASE.jar
2017-02-15 08:18:57,243 [Worker-5] INFO  o.e.m.c.i.e.AbstractTransferListenerAdapter - Downloading https://repo.maven.apache.org/maven2/org/springframework/spring-tx/4.0.9.RELEASE/spring-tx-4.0.9.RELEASE.jar
2017-02-15 08:18:57,324 [Worker-5] INFO  o.e.m.c.i.e.AbstractTransferListenerAdapter - Downloaded https://repo.maven.apache.org/maven2/org/springframework/spring-tx/4.0.9.RELEASE/spring-tx-4.0.9.RELEASE.jar
2017-02-15 08:18:57,388 [Worker-5] INFO  o.e.m.c.i.e.AbstractTransferListenerAdapter - Downloading https://repo.maven.apache.org/maven2/org/aspectj/aspectjrt/1.8.6/aspectjrt-1.8.6.jar
2017-02-15 08:18:57,468 [Worker-5] INFO  o.e.m.c.i.e.AbstractTransferListenerAdapter - Downloaded https://repo.maven.apache.org/maven2/org/aspectj/aspectjrt/1.8.6/aspectjrt-1.8.6.jar
2017-02-15 08:18:57,529 [Worker-5] INFO  o.e.m.c.i.e.AbstractTransferListenerAdapter - Downloading https://repo.maven.apache.org/maven2/org/slf4j/slf4j-api/1.7.12/slf4j-api-1.7.12.jar
2017-02-15 08:18:57,596 [Worker-5] INFO  o.e.m.c.i.e.AbstractTransferListenerAdapter - Downloaded https://repo.maven.apache.org/maven2/org/slf4j/slf4j-api/1.7.12/slf4j-api-1.7.12.jar
2017-02-15 08:18:57,659 [Worker-5] INFO  o.e.m.c.i.e.AbstractTransferListenerAdapter - Downloading https://repo.maven.apache.org/maven2/org/slf4j/jcl-over-slf4j/1.7.12/jcl-over-slf4j-1.7.12.jar
2017-02-15 08:18:57,719 [Worker-5] INFO  o.e.m.c.i.e.AbstractTransferListenerAdapter - Downloaded https://repo.maven.apache.org/maven2/org/slf4j/jcl-over-slf4j/1.7.12/jcl-over-slf4j-1.7.12.jar
2017-02-15 08:18:57,786 [Worker-5] INFO  o.e.m.c.i.e.AbstractTransferListenerAdapter - Downloading https://repo.maven.apache.org/maven2/org/hibernate/hibernate-entitymanager/4.3.11.Final/hibernate-entitymanager-4.3.11.Final.jar
2017-02-15 08:18:57,973 [Worker-5] INFO  o.e.m.c.i.e.AbstractTransferListenerAdapter - Downloaded https://repo.maven.apache.org/maven2/org/hibernate/hibernate-entitymanager/4.3.11.Final/hibernate-entitymanager-4.3.11.Final.jar
2017-02-15 08:18:58,034 [Worker-5] INFO  o.e.m.c.i.e.AbstractTransferListenerAdapter - Downloading https://repo.maven.apache.org/maven2/org/jboss/logging/jboss-logging-annotations/1.2.0.Beta1/jboss-logging-annotations-1.2.0.Beta1.jar
2017-02-15 08:18:58,095 [Worker-5] INFO  o.e.m.c.i.e.AbstractTransferListenerAdapter - Downloaded https://repo.maven.apache.org/maven2/org/jboss/logging/jboss-logging-annotations/1.2.0.Beta1/jboss-logging-annotations-1.2.0.Beta1.jar
2017-02-15 08:18:58,157 [Worker-5] INFO  o.e.m.c.i.e.AbstractTransferListenerAdapter - Downloading https://repo.maven.apache.org/maven2/org/hibernate/hibernate-core/4.3.11.Final/hibernate-core-4.3.11.Final.jar
2017-02-15 08:18:59,211 [Worker-5] INFO  o.e.m.c.i.e.AbstractTransferListenerAdapter - Downloaded https://repo.maven.apache.org/maven2/org/hibernate/hibernate-core/4.3.11.Final/hibernate-core-4.3.11.Final.jar
2017-02-15 08:18:59,275 [Worker-5] INFO  o.e.m.c.i.e.AbstractTransferListenerAdapter - Downloading https://repo.maven.apache.org/maven2/org/jboss/jandex/1.1.0.Final/jandex-1.1.0.Final.jar
2017-02-15 08:18:59,347 [Worker-5] INFO  o.e.m.c.i.e.AbstractTransferListenerAdapter - Downloaded https://repo.maven.apache.org/maven2/org/jboss/jandex/1.1.0.Final/jandex-1.1.0.Final.jar
2017-02-15 08:18:59,409 [Worker-5] INFO  o.e.m.c.i.e.AbstractTransferListenerAdapter - Downloading https://repo.maven.apache.org/maven2/org/hibernate/common/hibernate-commons-annotations/4.0.5.Final/hibernate-commons-annotations-4.0.5.Final.jar
2017-02-15 08:18:59,481 [Worker-5] INFO  o.e.m.c.i.e.AbstractTransferListenerAdapter - Downloaded https://repo.maven.apache.org/maven2/org/hibernate/common/hibernate-commons-annotations/4.0.5.Final/hibernate-commons-annotations-4.0.5.Final.jar
2017-02-15 08:18:59,544 [Worker-5] INFO  o.e.m.c.i.e.AbstractTransferListenerAdapter - Downloading https://repo.maven.apache.org/maven2/org/jboss/spec/javax/transaction/jboss-transaction-api_1.2_spec/1.0.0.Final/jboss-transaction-api_1.2_spec-1.0.0.Final.jar
2017-02-15 08:18:59,604 [Worker-5] INFO  o.e.m.c.i.e.AbstractTransferListenerAdapter - Downloaded https://repo.maven.apache.org/maven2/org/jboss/spec/javax/transaction/jboss-transaction-api_1.2_spec/1.0.0.Final/jboss-transaction-api_1.2_spec-1.0.0.Final.jar
2017-02-15 08:18:59,672 [Worker-5] INFO  o.e.m.c.i.e.AbstractTransferListenerAdapter - Downloading https://repo.maven.apache.org/maven2/org/javassist/javassist/3.18.1-GA/javassist-3.18.1-GA.jar
2017-02-15 08:18:59,853 [Worker-5] INFO  o.e.m.c.i.e.AbstractTransferListenerAdapter - Downloaded https://repo.maven.apache.org/maven2/org/javassist/javassist/3.18.1-GA/javassist-3.18.1-GA.jar
2017-02-15 08:18:59,920 [Worker-5] INFO  o.e.m.c.i.e.AbstractTransferListenerAdapter - Downloading https://repo.maven.apache.org/maven2/mysql/mysql-connector-java/5.1.36/mysql-connector-java-5.1.36.jar
2017-02-15 08:19:00,151 [Worker-5] INFO  o.e.m.c.i.e.AbstractTransferListenerAdapter - Downloaded https://repo.maven.apache.org/maven2/mysql/mysql-connector-java/5.1.36/mysql-connector-java-5.1.36.jar
2017-02-15 08:19:00,220 [Worker-5] INFO  o.e.m.c.i.e.AbstractTransferListenerAdapter - Downloading https://repo.maven.apache.org/maven2/ch/qos/logback/logback-classic/1.1.3/logback-classic-1.1.3.jar
2017-02-15 08:19:00,320 [Worker-5] INFO  o.e.m.c.i.e.AbstractTransferListenerAdapter - Downloaded https://repo.maven.apache.org/maven2/ch/qos/logback/logback-classic/1.1.3/logback-classic-1.1.3.jar
2017-02-15 08:19:00,382 [Worker-5] INFO  o.e.m.c.i.e.AbstractTransferListenerAdapter - Downloading https://repo.maven.apache.org/maven2/ch/qos/logback/logback-core/1.1.3/logback-core-1.1.3.jar
2017-02-15 08:19:00,524 [Worker-5] INFO  o.e.m.c.i.e.AbstractTransferListenerAdapter - Downloaded https://repo.maven.apache.org/maven2/ch/qos/logback/logback-core/1.1.3/logback-core-1.1.3.jar
2017-02-15 08:19:05,211 [Worker-5] INFO  o.e.m.j.i.AbstractJavaProjectConfigurator - Adding source folder /registration-login-spring-xml-maven-jsp-mysql/src/main/java
2017-02-15 08:19:05,212 [Worker-5] INFO  o.e.m.j.i.AbstractJavaProjectConfigurator - Adding resource folder /registration-login-spring-xml-maven-jsp-mysql/src/main/resources
2017-02-15 08:19:05,213 [Worker-5] INFO  o.e.m.j.i.AbstractJavaProjectConfigurator - Adding source folder /registration-login-spring-xml-maven-jsp-mysql/src/test/java
2017-02-15 08:19:07,891 [Worker-5] INFO  o.e.m.c.i.e.AbstractTransferListenerAdapter - Downloading https://repo.maven.apache.org/maven2/org/eclipse/jetty/jetty-maven-plugin/9.2.11.v20150529/jetty-maven-plugin-9.2.11.v20150529.pom
2017-02-15 08:19:07,953 [Worker-5] INFO  o.e.m.c.i.e.AbstractTransferListenerAdapter - Downloaded https://repo.maven.apache.org/maven2/org/eclipse/jetty/jetty-maven-plugin/9.2.11.v20150529/jetty-maven-plugin-9.2.11.v20150529.pom
2017-02-15 08:19:08,015 [Worker-5] INFO  o.e.m.c.i.e.AbstractTransferListenerAdapter - Downloading https://repo.maven.apache.org/maven2/org/eclipse/jetty/jetty-project/9.2.11.v20150529/jetty-project-9.2.11.v20150529.pom
2017-02-15 08:19:08,160 [Worker-5] INFO  o.e.m.c.i.e.AbstractTransferListenerAdapter - Downloaded https://repo.maven.apache.org/maven2/org/eclipse/jetty/jetty-project/9.2.11.v20150529/jetty-project-9.2.11.v20150529.pom
2017-02-15 08:19:08,222 [Worker-5] INFO  o.e.m.c.i.e.AbstractTransferListenerAdapter - Downloading https://repo.maven.apache.org/maven2/org/eclipse/jetty/jetty-parent/23/jetty-parent-23.pom
2017-02-15 08:19:08,295 [Worker-5] INFO  o.e.m.c.i.e.AbstractTransferListenerAdapter - Downloaded https://repo.maven.apache.org/maven2/org/eclipse/jetty/jetty-parent/23/jetty-parent-23.pom
2017-02-15 08:19:08,362 [Worker-5] INFO  o.e.m.c.i.e.AbstractTransferListenerAdapter - Downloading https://repo.maven.apache.org/maven2/org/eclipse/jetty/jetty-maven-plugin/9.2.11.v20150529/jetty-maven-plugin-9.2.11.v20150529.jar
2017-02-15 08:19:08,503 [Worker-5] INFO  o.e.m.c.i.e.AbstractTransferListenerAdapter - Downloaded https://repo.maven.apache.org/maven2/org/eclipse/jetty/jetty-maven-plugin/9.2.11.v20150529/jetty-maven-plugin-9.2.11.v20150529.jar
2017-02-15 08:19:08,997 [Worker-5] INFO  o.e.m.c.i.p.ProjectConfigurationManager - Imported and configured 1 project(s) in 25 sec
2017-02-15 08:19:10,783 [Worker-2] WARN  o.e.m.c.i.embedder.EclipseLogger - Using platform encoding (UTF-8 actually) to copy filtered resources, i.e. build is platform dependent!
2017-02-15 08:19:10,795 [Worker-2] INFO  o.e.m.c.i.embedder.EclipseLogger - Copying 4 resources
2017-02-15 08:19:10,807 [Worker-2] WARN  o.e.m.c.i.embedder.EclipseLogger - Using platform encoding (UTF-8 actually) to copy filtered resources, i.e. build is platform dependent!
2017-02-15 08:19:10,807 [Worker-2] INFO  o.e.m.c.i.embedder.EclipseLogger - skip non existing resourceDirectory /home/khaled/workspaceLogin/registration-login-spring-xml-maven-jsp-mysql/src/test/resources
2017-02-15 08:24:09,881 [Worker-20] INFO  o.e.m.c.i.e.AbstractTransferListenerAdapter - Downloading https://repo.maven.apache.org/maven2/org/springframework/security/spring-security-core/4.0.2.RELEASE/spring-security-core-4.0.2.RELEASE-sources.jar
2017-02-15 08:24:10,216 [Worker-20] INFO  o.e.m.c.i.e.AbstractTransferListenerAdapter - Downloaded https://repo.maven.apache.org/maven2/org/springframework/security/spring-security-core/4.0.2.RELEASE/spring-security-core-4.0.2.RELEASE-sources.jar
2017-02-15 08:24:10,365 [Worker-20] INFO  o.e.m.j.internal.DownloadSourcesJob - Downloaded sources for org.springframework.security:spring-security-core:4.0.2.RELEASE
2017-02-15 08:24:10,978 [Worker-21] WARN  o.e.m.c.i.embedder.EclipseLogger - Using platform encoding (UTF-8 actually) to copy filtered resources, i.e. build is platform dependent!
2017-02-15 08:24:10,989 [Worker-21] INFO  o.e.m.c.i.embedder.EclipseLogger - Copying 0 resource
2017-02-15 08:24:10,993 [Worker-21] WARN  o.e.m.c.i.embedder.EclipseLogger - Using platform encoding (UTF-8 actually) to copy filtered resources, i.e. build is platform dependent!
2017-02-15 08:24:10,995 [Worker-21] INFO  o.e.m.c.i.embedder.EclipseLogger - skip non existing resourceDirectory /home/khaled/workspaceLogin/registration-login-spring-xml-maven-jsp-mysql/src/test/resources
2017-02-15 08:31:19,815 [Worker-23] WARN  o.e.m.c.i.embedder.EclipseLogger - Using platform encoding (UTF-8 actually) to copy filtered resources, i.e. build is platform dependent!
2017-02-15 08:31:19,816 [Worker-23] INFO  o.e.m.c.i.embedder.EclipseLogger - Copying 0 resource
2017-02-15 08:31:19,818 [Worker-23] WARN  o.e.m.c.i.embedder.EclipseLogger - Using platform encoding (UTF-8 actually) to copy filtered resources, i.e. build is platform dependent!
2017-02-15 08:31:19,818 [Worker-23] INFO  o.e.m.c.i.embedder.EclipseLogger - skip non existing resourceDirectory /home/khaled/workspaceLogin/registration-login-spring-xml-maven-jsp-mysql/src/test/resources
2017-02-15 11:28:42,396 [Worker-5] INFO  o.e.m.c.i.l.LifecycleMappingFactory - Using org.maven.ide.eclipse.wtp.WarLifecycleMapping lifecycle mapping for MavenProject: com.hellokoding:account:1.0-SNAPSHOT @ /home/khaled/workspaceLogin/registration-login-spring-xml-maven-jsp-mysql/pom.xml.
2017-02-15 11:28:44,787 [Worker-5] WARN  o.e.m.c.i.embedder.EclipseLogger - Using platform encoding (UTF-8 actually) to copy filtered resources, i.e. build is platform dependent!
2017-02-15 11:28:44,804 [Worker-5] INFO  o.e.m.c.i.embedder.EclipseLogger - Copying 4 resources
2017-02-15 11:28:44,817 [Worker-5] WARN  o.e.m.c.i.embedder.EclipseLogger - Using platform encoding (UTF-8 actually) to copy filtered resources, i.e. build is platform dependent!
2017-02-15 11:28:44,818 [Worker-5] INFO  o.e.m.c.i.embedder.EclipseLogger - skip non existing resourceDirectory /home/khaled/workspaceLogin/registration-login-spring-xml-maven-jsp-mysql/src/test/resources
2017-02-15 11:28:45,502 [Worker-8] INFO  o.e.m.c.i.l.LifecycleMappingFactory - Using org.maven.ide.eclipse.wtp.WarLifecycleMapping lifecycle mapping for MavenProject: com.hellokoding:account:1.0-SNAPSHOT @ /home/khaled/workspaceLogin/registration-login-spring-xml-maven-jsp-mysql/pom.xml.
2017-02-15 11:28:45,737 [Worker-5] WARN  o.e.m.c.i.embedder.EclipseLogger - Using platform encoding (UTF-8 actually) to copy filtered resources, i.e. build is platform dependent!
2017-02-15 11:28:45,743 [Worker-5] INFO  o.e.m.c.i.embedder.EclipseLogger - Copying 0 resource
2017-02-15 11:28:45,746 [Worker-5] WARN  o.e.m.c.i.embedder.EclipseLogger - Using platform encoding (UTF-8 actually) to copy filtered resources, i.e. build is platform dependent!
2017-02-15 11:28:45,747 [Worker-5] INFO  o.e.m.c.i.embedder.EclipseLogger - skip non existing resourceDirectory /home/khaled/workspaceLogin/registration-login-spring-xml-maven-jsp-mysql/src/test/resources
2017-02-15 11:28:46,714 [Worker-7] WARN  o.e.m.c.i.embedder.EclipseLogger - Using platform encoding (UTF-8 actually) to copy filtered resources, i.e. build is platform dependent!
2017-02-15 11:28:46,715 [Worker-7] INFO  o.e.m.c.i.embedder.EclipseLogger - Copying 0 resource
2017-02-15 11:28:46,717 [Worker-7] WARN  o.e.m.c.i.embedder.EclipseLogger - Using platform encoding (UTF-8 actually) to copy filtered resources, i.e. build is platform dependent!
2017-02-15 11:28:46,717 [Worker-7] INFO  o.e.m.c.i.embedder.EclipseLogger - skip non existing resourceDirectory /home/khaled/workspaceLogin/registration-login-spring-xml-maven-jsp-mysql/src/test/resources
2017-02-15 11:28:59,671 [Worker-4] INFO  o.e.m.i.launch.MavenLaunchDelegate - /home/khaled/workspaceLogin/registration-login-spring-xml-maven-jsp-mysql
2017-02-15 11:28:59,672 [Worker-4] INFO  o.e.m.i.launch.MavenLaunchDelegate -  mvn -B clean
2017-02-15 11:29:02,540 [Worker-10] WARN  o.e.m.c.i.embedder.EclipseLogger - Using platform encoding (UTF-8 actually) to copy filtered resources, i.e. build is platform dependent!
2017-02-15 11:29:02,544 [Worker-10] INFO  o.e.m.c.i.embedder.EclipseLogger - Copying 4 resources
2017-02-15 11:29:02,559 [Worker-10] WARN  o.e.m.c.i.embedder.EclipseLogger - Using platform encoding (UTF-8 actually) to copy filtered resources, i.e. build is platform dependent!
2017-02-15 11:29:02,560 [Worker-10] INFO  o.e.m.c.i.embedder.EclipseLogger - skip non existing resourceDirectory /home/khaled/workspaceLogin/registration-login-spring-xml-maven-jsp-mysql/src/test/resources
2017-02-15 11:29:02,562 [Worker-10] INFO  o.e.m.w.i.f.ResourceFilteringBuildParticipant - Changed resources require a complete clean of filtered resources of registration-login-spring-xml-maven-jsp-mysql
2017-02-15 11:29:02,563 [Worker-10] INFO  o.e.m.w.i.f.ResourceFilteringBuildParticipant - Executing resource filtering for registration-login-spring-xml-maven-jsp-mysql
2017-02-15 11:29:02,576 [Worker-10] WARN  o.e.m.c.i.embedder.EclipseLogger - Using platform encoding (UTF-8 actually) to copy filtered resources, i.e. build is platform dependent!
2017-02-15 11:29:14,813 [main] INFO  o.e.m2e.actions.ExecutePomAction - Creating new launch configuration
2017-02-15 11:29:19,916 [Worker-5] INFO  o.e.m.i.launch.MavenLaunchDelegate - /home/khaled/workspaceLogin/registration-login-spring-xml-maven-jsp-mysql
2017-02-15 11:29:19,916 [Worker-5] INFO  o.e.m.i.launch.MavenLaunchDelegate -  mvn -B build
2017-02-15 11:29:30,731 [Worker-19] INFO  o.e.m.c.i.p.ProjectConfigurationManager - Update started
2017-02-15 11:29:31,088 [Worker-19] INFO  o.e.m.c.i.l.LifecycleMappingFactory - Using org.maven.ide.eclipse.wtp.WarLifecycleMapping lifecycle mapping for MavenProject: com.hellokoding:account:1.0-SNAPSHOT @ /home/khaled/workspaceLogin/registration-login-spring-xml-maven-jsp-mysql/pom.xml.
2017-02-15 11:29:32,045 [Worker-19] INFO  o.e.m.j.i.AbstractJavaProjectConfigurator - Adding source folder /registration-login-spring-xml-maven-jsp-mysql/src/main/java
2017-02-15 11:29:32,046 [Worker-19] INFO  o.e.m.j.i.AbstractJavaProjectConfigurator - Adding resource folder /registration-login-spring-xml-maven-jsp-mysql/src/main/resources
2017-02-15 11:29:32,047 [Worker-19] INFO  o.e.m.j.i.AbstractJavaProjectConfigurator - Adding source folder /registration-login-spring-xml-maven-jsp-mysql/src/test/java
2017-02-15 11:29:32,744 [Worker-19] INFO  o.e.m.w.i.f.ResourceFilteringBuildParticipant - Cleaning filtered folder for registration-login-spring-xml-maven-jsp-mysql
2017-02-15 11:29:32,748 [Worker-19] INFO  o.e.m.c.i.p.ProjectConfigurationManager - Update completed: 2 sec
2017-02-15 11:29:33,261 [Worker-12] WARN  o.e.m.c.i.embedder.EclipseLogger - Using platform encoding (UTF-8 actually) to copy filtered resources, i.e. build is platform dependent!
2017-02-15 11:29:33,262 [Worker-12] INFO  o.e.m.c.i.embedder.EclipseLogger - Copying 4 resources
2017-02-15 11:29:33,274 [Worker-12] WARN  o.e.m.c.i.embedder.EclipseLogger - Using platform encoding (UTF-8 actually) to copy filtered resources, i.e. build is platform dependent!
2017-02-15 11:29:33,275 [Worker-12] INFO  o.e.m.c.i.embedder.EclipseLogger - skip non existing resourceDirectory /home/khaled/workspaceLogin/registration-login-spring-xml-maven-jsp-mysql/src/test/resources
2017-02-15 11:29:33,275 [Worker-12] INFO  o.e.m.w.i.f.ResourceFilteringBuildParticipant - Changed resources require a complete clean of filtered resources of registration-login-spring-xml-maven-jsp-mysql
2017-02-15 11:29:33,275 [Worker-12] INFO  o.e.m.w.i.f.ResourceFilteringBuildParticipant - Executing resource filtering for registration-login-spring-xml-maven-jsp-mysql
2017-02-15 11:29:33,281 [Worker-12] WARN  o.e.m.c.i.embedder.EclipseLogger - Using platform encoding (UTF-8 actually) to copy filtered resources, i.e. build is platform dependent!
2017-02-15 11:30:13,179 [Worker-17] WARN  o.e.m.c.i.embedder.EclipseLogger - Using platform encoding (UTF-8 actually) to copy filtered resources, i.e. build is platform dependent!
2017-02-15 11:30:13,207 [Worker-17] INFO  o.e.m.c.i.embedder.EclipseLogger - Copying 0 resource
2017-02-15 11:30:13,209 [Worker-17] WARN  o.e.m.c.i.embedder.EclipseLogger - Using platform encoding (UTF-8 actually) to copy filtered resources, i.e. build is platform dependent!
2017-02-15 11:30:13,210 [Worker-17] INFO  o.e.m.c.i.embedder.EclipseLogger - skip non existing resourceDirectory /home/khaled/workspaceLogin/registration-login-spring-xml-maven-jsp-mysql/src/test/resources
2017-02-15 11:30:31,719 [Worker-0] WARN  o.e.m.c.i.embedder.EclipseLogger - Using platform encoding (UTF-8 actually) to copy filtered resources, i.e. build is platform dependent!
2017-02-15 11:30:31,720 [Worker-0] INFO  o.e.m.c.i.embedder.EclipseLogger - Copying 0 resource
2017-02-15 11:30:31,722 [Worker-0] WARN  o.e.m.c.i.embedder.EclipseLogger - Using platform encoding (UTF-8 actually) to copy filtered resources, i.e. build is platform dependent!
2017-02-15 11:30:31,723 [Worker-0] INFO  o.e.m.c.i.embedder.EclipseLogger - skip non existing resourceDirectory /home/khaled/workspaceLogin/registration-login-spring-xml-maven-jsp-mysql/src/test/resources
2017-02-15 11:30:33,768 [Worker-1] WARN  o.e.m.c.i.embedder.EclipseLogger - Using platform encoding (UTF-8 actually) to copy filtered resources, i.e. build is platform dependent!
2017-02-15 11:30:33,770 [Worker-1] INFO  o.e.m.c.i.embedder.EclipseLogger - Copying 0 resource
2017-02-15 11:30:33,772 [Worker-1] WARN  o.e.m.c.i.embedder.EclipseLogger - Using platform encoding (UTF-8 actually) to copy filtered resources, i.e. build is platform dependent!
2017-02-15 11:30:33,772 [Worker-1] INFO  o.e.m.c.i.embedder.EclipseLogger - skip non existing resourceDirectory /home/khaled/workspaceLogin/registration-login-spring-xml-maven-jsp-mysql/src/test/resources
2017-02-15 11:31:12,553 [Worker-20] WARN  o.e.m.c.i.embedder.EclipseLogger - Using platform encoding (UTF-8 actually) to copy filtered resources, i.e. build is platform dependent!
2017-02-15 11:31:12,554 [Worker-20] INFO  o.e.m.c.i.embedder.EclipseLogger - Copying 0 resource
2017-02-15 11:31:12,555 [Worker-20] WARN  o.e.m.c.i.embedder.EclipseLogger - Using platform encoding (UTF-8 actually) to copy filtered resources, i.e. build is platform dependent!
2017-02-15 11:31:12,556 [Worker-20] INFO  o.e.m.c.i.embedder.EclipseLogger - skip non existing resourceDirectory /home/khaled/workspaceLogin/registration-login-spring-xml-maven-jsp-mysql/src/test/resources
2017-02-15 11:31:22,222 [Worker-0] WARN  o.e.m.c.i.embedder.EclipseLogger - Using platform encoding (UTF-8 actually) to copy filtered resources, i.e. build is platform dependent!
2017-02-15 11:31:22,227 [Worker-0] INFO  o.e.m.c.i.embedder.EclipseLogger - Copying 0 resource
2017-02-15 11:31:22,228 [Worker-0] WARN  o.e.m.c.i.embedder.EclipseLogger - Using platform encoding (UTF-8 actually) to copy filtered resources, i.e. build is platform dependent!
2017-02-15 11:31:22,229 [Worker-0] INFO  o.e.m.c.i.embedder.EclipseLogger - skip non existing resourceDirectory /home/khaled/workspaceLogin/registration-login-spring-xml-maven-jsp-mysql/src/test/resources
2017-02-15 11:31:24,274 [Worker-0] WARN  o.e.m.c.i.embedder.EclipseLogger - Using platform encoding (UTF-8 actually) to copy filtered resources, i.e. build is platform dependent!
2017-02-15 11:31:24,277 [Worker-0] INFO  o.e.m.c.i.embedder.EclipseLogger - Copying 0 resource
2017-02-15 11:31:24,279 [Worker-0] WARN  o.e.m.c.i.embedder.EclipseLogger - Using platform encoding (UTF-8 actually) to copy filtered resources, i.e. build is platform dependent!
2017-02-15 11:31:24,283 [Worker-0] INFO  o.e.m.c.i.embedder.EclipseLogger - skip non existing resourceDirectory /home/khaled/workspaceLogin/registration-login-spring-xml-maven-jsp-mysql/src/test/resources
2017-02-15 11:31:42,919 [Worker-10] WARN  o.e.m.c.i.embedder.EclipseLogger - Using platform encoding (UTF-8 actually) to copy filtered resources, i.e. build is platform dependent!
2017-02-15 11:31:42,920 [Worker-10] INFO  o.e.m.c.i.embedder.EclipseLogger - Copying 0 resource
2017-02-15 11:31:42,922 [Worker-10] WARN  o.e.m.c.i.embedder.EclipseLogger - Using platform encoding (UTF-8 actually) to copy filtered resources, i.e. build is platform dependent!
2017-02-15 11:31:42,922 [Worker-10] INFO  o.e.m.c.i.embedder.EclipseLogger - skip non existing resourceDirectory /home/khaled/workspaceLogin/registration-login-spring-xml-maven-jsp-mysql/src/test/resources
2017-02-15 11:31:46,619 [Worker-8] WARN  o.e.m.c.i.embedder.EclipseLogger - Using platform encoding (UTF-8 actually) to copy filtered resources, i.e. build is platform dependent!
2017-02-15 11:31:46,620 [Worker-8] INFO  o.e.m.c.i.embedder.EclipseLogger - Copying 0 resource
2017-02-15 11:31:46,625 [Worker-8] WARN  o.e.m.c.i.embedder.EclipseLogger - Using platform encoding (UTF-8 actually) to copy filtered resources, i.e. build is platform dependent!
2017-02-15 11:31:46,625 [Worker-8] INFO  o.e.m.c.i.embedder.EclipseLogger - skip non existing resourceDirectory /home/khaled/workspaceLogin/registration-login-spring-xml-maven-jsp-mysql/src/test/resources
2017-02-15 11:31:48,638 [Worker-3] WARN  o.e.m.c.i.embedder.EclipseLogger - Using platform encoding (UTF-8 actually) to copy filtered resources, i.e. build is platform dependent!
2017-02-15 11:31:48,638 [Worker-3] INFO  o.e.m.c.i.embedder.EclipseLogger - Copying 0 resource
2017-02-15 11:31:48,656 [Worker-3] WARN  o.e.m.c.i.embedder.EclipseLogger - Using platform encoding (UTF-8 actually) to copy filtered resources, i.e. build is platform dependent!
2017-02-15 11:31:48,656 [Worker-3] INFO  o.e.m.c.i.embedder.EclipseLogger - skip non existing resourceDirectory /home/khaled/workspaceLogin/registration-login-spring-xml-maven-jsp-mysql/src/test/resources
2017-02-15 11:31:56,313 [Worker-11] WARN  o.e.m.c.i.embedder.EclipseLogger - Using platform encoding (UTF-8 actually) to copy filtered resources, i.e. build is platform dependent!
2017-02-15 11:31:56,313 [Worker-11] INFO  o.e.m.c.i.embedder.EclipseLogger - Copying 0 resource
2017-02-15 11:31:56,315 [Worker-11] WARN  o.e.m.c.i.embedder.EclipseLogger - Using platform encoding (UTF-8 actually) to copy filtered resources, i.e. build is platform dependent!
2017-02-15 11:31:56,315 [Worker-11] INFO  o.e.m.c.i.embedder.EclipseLogger - skip non existing resourceDirectory /home/khaled/workspaceLogin/registration-login-spring-xml-maven-jsp-mysql/src/test/resources
2017-02-15 11:31:58,341 [Worker-7] WARN  o.e.m.c.i.embedder.EclipseLogger - Using platform encoding (UTF-8 actually) to copy filtered resources, i.e. build is platform dependent!
2017-02-15 11:31:58,342 [Worker-7] INFO  o.e.m.c.i.embedder.EclipseLogger - Copying 0 resource
2017-02-15 11:31:58,344 [Worker-7] WARN  o.e.m.c.i.embedder.EclipseLogger - Using platform encoding (UTF-8 actually) to copy filtered resources, i.e. build is platform dependent!
2017-02-15 11:31:58,344 [Worker-7] INFO  o.e.m.c.i.embedder.EclipseLogger - skip non existing resourceDirectory /home/khaled/workspaceLogin/registration-login-spring-xml-maven-jsp-mysql/src/test/resources
2017-02-15 11:40:18,564 [Worker-23] INFO  o.e.m.c.i.e.AbstractTransferListenerAdapter - Downloading https://repo.maven.apache.org/maven2/org/springframework/spring-context/4.2.0.RELEASE/spring-context-4.2.0.RELEASE-sources.jar
2017-02-15 11:40:19,650 [Worker-23] INFO  o.e.m.c.i.e.AbstractTransferListenerAdapter - Downloaded https://repo.maven.apache.org/maven2/org/springframework/spring-context/4.2.0.RELEASE/spring-context-4.2.0.RELEASE-sources.jar
2017-02-15 11:40:19,863 [Worker-23] INFO  o.e.m.j.internal.DownloadSourcesJob - Downloaded sources for org.springframework:spring-context:4.2.0.RELEASE
2017-02-15 11:40:20,365 [Worker-4] WARN  o.e.m.c.i.embedder.EclipseLogger - Using platform encoding (UTF-8 actually) to copy filtered resources, i.e. build is platform dependent!
2017-02-15 11:40:20,366 [Worker-4] INFO  o.e.m.c.i.embedder.EclipseLogger - Copying 0 resource
2017-02-15 11:40:20,378 [Worker-4] WARN  o.e.m.c.i.embedder.EclipseLogger - Using platform encoding (UTF-8 actually) to copy filtered resources, i.e. build is platform dependent!
2017-02-15 11:40:20,379 [Worker-4] INFO  o.e.m.c.i.embedder.EclipseLogger - skip non existing resourceDirectory /home/khaled/workspaceLogin/registration-login-spring-xml-maven-jsp-mysql/src/test/resources
2017-02-15 11:42:39,578 [main] INFO  o.e.m2e.actions.ExecutePomAction - Using existing launch configuration
2017-02-15 11:42:39,653 [Worker-22] INFO  o.e.m.i.launch.MavenLaunchDelegate - /home/khaled/workspaceLogin/registration-login-spring-xml-maven-jsp-mysql
2017-02-15 11:42:39,653 [Worker-22] INFO  o.e.m.i.launch.MavenLaunchDelegate -  mvn -B build
2017-02-15 11:42:46,806 [main] INFO  o.e.m2e.actions.ExecutePomAction - Creating new launch configuration
2017-02-15 11:42:49,277 [Worker-23] INFO  o.e.m.i.launch.MavenLaunchDelegate - /home/khaled/workspaceLogin/registration-login-spring-xml-maven-jsp-mysql
2017-02-15 11:42:49,277 [Worker-23] INFO  o.e.m.i.launch.MavenLaunchDelegate -  mvn -B mvn jetty:run
2017-02-15 12:10:02,627 [Worker-29] WARN  o.e.m.c.i.embedder.EclipseLogger - Using platform encoding (UTF-8 actually) to copy filtered resources, i.e. build is platform dependent!
2017-02-15 12:10:02,629 [Worker-29] INFO  o.e.m.c.i.embedder.EclipseLogger - Copying 4 resources
2017-02-15 12:10:02,630 [Worker-29] WARN  o.e.m.c.i.embedder.EclipseLogger - Using platform encoding (UTF-8 actually) to copy filtered resources, i.e. build is platform dependent!
2017-02-15 12:10:02,631 [Worker-29] INFO  o.e.m.c.i.embedder.EclipseLogger - skip non existing resourceDirectory /home/khaled/workspaceLogin/registration-login-spring-xml-maven-jsp-mysql/src/test/resources
2017-02-15 12:38:18,588 [Worker-37] WARN  o.e.m.c.i.embedder.EclipseLogger - Using platform encoding (UTF-8 actually) to copy filtered resources, i.e. build is platform dependent!
2017-02-15 12:38:18,589 [Worker-37] INFO  o.e.m.c.i.embedder.EclipseLogger - Copying 4 resources
2017-02-15 12:38:18,591 [Worker-37] WARN  o.e.m.c.i.embedder.EclipseLogger - Using platform encoding (UTF-8 actually) to copy filtered resources, i.e. build is platform dependent!
2017-02-15 12:38:18,593 [Worker-37] INFO  o.e.m.c.i.embedder.EclipseLogger - skip non existing resourceDirectory /home/khaled/workspaceLogin/registration-login-spring-xml-maven-jsp-mysql/src/test/resources
2017-02-15 12:38:19,675 [Worker-34] WARN  o.e.m.c.i.embedder.EclipseLogger - Using platform encoding (UTF-8 actually) to copy filtered resources, i.e. build is platform dependent!
2017-02-15 12:38:19,676 [Worker-34] INFO  o.e.m.c.i.embedder.EclipseLogger - Copying 4 resources
2017-02-15 12:38:19,678 [Worker-34] WARN  o.e.m.c.i.embedder.EclipseLogger - Using platform encoding (UTF-8 actually) to copy filtered resources, i.e. build is platform dependent!
2017-02-15 12:38:19,679 [Worker-34] INFO  o.e.m.c.i.embedder.EclipseLogger - skip non existing resourceDirectory /home/khaled/workspaceLogin/registration-login-spring-xml-maven-jsp-mysql/src/test/resources
2017-02-15 12:38:47,402 [Worker-39] WARN  o.e.m.c.i.embedder.EclipseLogger - Using platform encoding (UTF-8 actually) to copy filtered resources, i.e. build is platform dependent!
2017-02-15 12:38:47,402 [Worker-39] INFO  o.e.m.c.i.embedder.EclipseLogger - Copying 4 resources
2017-02-15 12:38:47,405 [Worker-39] WARN  o.e.m.c.i.embedder.EclipseLogger - Using platform encoding (UTF-8 actually) to copy filtered resources, i.e. build is platform dependent!
2017-02-15 12:38:47,405 [Worker-39] INFO  o.e.m.c.i.embedder.EclipseLogger - skip non existing resourceDirectory /home/khaled/workspaceLogin/registration-login-spring-xml-maven-jsp-mysql/src/test/resources
2017-02-15 12:39:22,783 [Worker-34] WARN  o.e.m.c.i.embedder.EclipseLogger - Using platform encoding (UTF-8 actually) to copy filtered resources, i.e. build is platform dependent!
2017-02-15 12:39:22,794 [Worker-34] INFO  o.e.m.c.i.embedder.EclipseLogger - Copying 4 resources
2017-02-15 12:39:22,795 [Worker-34] WARN  o.e.m.c.i.embedder.EclipseLogger - Using platform encoding (UTF-8 actually) to copy filtered resources, i.e. build is platform dependent!
2017-02-15 12:39:22,796 [Worker-34] INFO  o.e.m.c.i.embedder.EclipseLogger - skip non existing resourceDirectory /home/khaled/workspaceLogin/registration-login-spring-xml-maven-jsp-mysql/src/test/resources
2017-02-15 12:39:58,097 [Worker-37] WARN  o.e.m.c.i.embedder.EclipseLogger - Using platform encoding (UTF-8 actually) to copy filtered resources, i.e. build is platform dependent!
2017-02-15 12:39:58,098 [Worker-37] INFO  o.e.m.c.i.embedder.EclipseLogger - Copying 4 resources
2017-02-15 12:39:58,105 [Worker-37] WARN  o.e.m.c.i.embedder.EclipseLogger - Using platform encoding (UTF-8 actually) to copy filtered resources, i.e. build is platform dependent!
2017-02-15 12:39:58,105 [Worker-37] INFO  o.e.m.c.i.embedder.EclipseLogger - skip non existing resourceDirectory /home/khaled/workspaceLogin/registration-login-spring-xml-maven-jsp-mysql/src/test/resources
2017-02-15 14:47:55,633 [Worker-62] WARN  o.e.m.c.i.embedder.EclipseLogger - Using platform encoding (UTF-8 actually) to copy filtered resources, i.e. build is platform dependent!
2017-02-15 14:47:55,680 [Worker-62] INFO  o.e.m.c.i.embedder.EclipseLogger - Copying 4 resources
2017-02-15 14:47:55,682 [Worker-62] WARN  o.e.m.c.i.embedder.EclipseLogger - Using platform encoding (UTF-8 actually) to copy filtered resources, i.e. build is platform dependent!
2017-02-15 14:47:55,683 [Worker-62] INFO  o.e.m.c.i.embedder.EclipseLogger - skip non existing resourceDirectory /home/khaled/workspaceLogin/registration-login-spring-xml-maven-jsp-mysql/src/test/resources
2017-02-15 14:47:59,567 [Worker-61] WARN  o.e.m.c.i.embedder.EclipseLogger - Using platform encoding (UTF-8 actually) to copy filtered resources, i.e. build is platform dependent!
2017-02-15 14:47:59,568 [Worker-61] INFO  o.e.m.c.i.embedder.EclipseLogger - Copying 4 resources
2017-02-15 14:47:59,569 [Worker-61] WARN  o.e.m.c.i.embedder.EclipseLogger - Using platform encoding (UTF-8 actually) to copy filtered resources, i.e. build is platform dependent!
2017-02-15 14:47:59,570 [Worker-61] INFO  o.e.m.c.i.embedder.EclipseLogger - skip non existing resourceDirectory /home/khaled/workspaceLogin/registration-login-spring-xml-maven-jsp-mysql/src/test/resources
2017-02-15 14:48:23,370 [Worker-61] WARN  o.e.m.c.i.embedder.EclipseLogger - Using platform encoding (UTF-8 actually) to copy filtered resources, i.e. build is platform dependent!
2017-02-15 14:48:23,371 [Worker-61] INFO  o.e.m.c.i.embedder.EclipseLogger - Copying 4 resources
2017-02-15 14:48:23,374 [Worker-61] WARN  o.e.m.c.i.embedder.EclipseLogger - Using platform encoding (UTF-8 actually) to copy filtered resources, i.e. build is platform dependent!
2017-02-15 14:48:23,374 [Worker-61] INFO  o.e.m.c.i.embedder.EclipseLogger - skip non existing resourceDirectory /home/khaled/workspaceLogin/registration-login-spring-xml-maven-jsp-mysql/src/test/resources
2017-02-15 14:57:23,851 [Worker-59] WARN  o.e.m.c.i.embedder.EclipseLogger - Using platform encoding (UTF-8 actually) to copy filtered resources, i.e. build is platform dependent!
2017-02-15 14:57:23,854 [Worker-59] INFO  o.e.m.c.i.embedder.EclipseLogger - Copying 4 resources
2017-02-15 14:57:23,858 [Worker-59] WARN  o.e.m.c.i.embedder.EclipseLogger - Using platform encoding (UTF-8 actually) to copy filtered resources, i.e. build is platform dependent!
2017-02-15 14:57:23,859 [Worker-59] INFO  o.e.m.c.i.embedder.EclipseLogger - skip non existing resourceDirectory /home/khaled/workspaceLogin/registration-login-spring-xml-maven-jsp-mysql/src/test/resources
2017-02-15 15:20:32,307 [Worker-81] WARN  o.e.m.c.i.embedder.EclipseLogger - Using platform encoding (UTF-8 actually) to copy filtered resources, i.e. build is platform dependent!
2017-02-15 15:20:32,308 [Worker-81] INFO  o.e.m.c.i.embedder.EclipseLogger - Copying 0 resource
2017-02-15 15:20:32,310 [Worker-81] WARN  o.e.m.c.i.embedder.EclipseLogger - Using platform encoding (UTF-8 actually) to copy filtered resources, i.e. build is platform dependent!
2017-02-15 15:20:32,310 [Worker-81] INFO  o.e.m.c.i.embedder.EclipseLogger - skip non existing resourceDirectory /home/khaled/workspaceLogin/registration-login-spring-xml-maven-jsp-mysql/src/test/resources
